#
# There is insufficient memory for the Java Runtime Environment to continue.
# Native memory allocation (mmap) failed to map 1394606080 bytes for G1 virtual space
# Possible reasons:
#   The system is out of physical RAM or swap space
#   The process is running with CompressedOops enabled, and the Java Heap may be blocking the growth of the native heap
# Possible solutions:
#   Reduce memory load on the system
#   Increase physical memory or swap space
#   Check if swap backing store is full
#   Decrease Java heap size (-Xmx/-Xms)
#   Decrease number of Java threads
#   Decrease Java thread stack sizes (-Xss)
#   Set larger code cache with -XX:ReservedCodeCacheSize=
#   JVM is running with Zero Based Compressed Oops mode in which the Java heap is
#     placed in the first 32GB address space. The Java Heap base address is the
#     maximum limit for the native heap growth. Please use -XX:HeapBaseMinAddress
#     to set the Java Heap base and to place the Java Heap above 32GB virtual address.
# This output file may be truncated or incomplete.
#
#  Out of Memory Error (os_windows.cpp:3527), pid=21460, tid=14808
#
# JRE version: Java(TM) SE Runtime Environment (19.0.1+10) (build 19.0.1+10-21)
# Java VM: Java HotSpot(TM) 64-Bit Server VM (19.0.1+10-21, mixed mode, sharing, tiered, compressed oops, compressed class ptrs, g1 gc, windows-amd64)
# No core dump will be written. Minidumps are not enabled by default on client versions of Windows
#

---------------  S U M M A R Y ------------

Command Line: -ea -Xmx4g trade.StarTrader run5

Host: Intel(R) Core(TM) i5-8265U CPU @ 1.60GHz, 8 cores, 7G,  Windows 11 , 64 bit Build 22621 (10.0.22621.1105)
Time: Tue Jan 24 07:38:07 2023 Central Standard Time elapsed time: 15.808243 seconds (0d 0h 0m 15s)

---------------  T H R E A D  ---------------

Current thread (0x0000021f0c0e3030):  VMThread "VM Thread" [stack: 0x000000bb2fa00000,0x000000bb2fb00000] [id=14808]

Stack: [0x000000bb2fa00000,0x000000bb2fb00000]
Native frames: (J=compiled Java code, j=interpreted, Vv=VM code, C=native code)
V  [jvm.dll+0x6ee8fa]
V  [jvm.dll+0x857a1e]
V  [jvm.dll+0x85940e]
V  [jvm.dll+0x859ac3]
V  [jvm.dll+0x28291f]
V  [jvm.dll+0x6eb6e9]
V  [jvm.dll+0x6e028a]
V  [jvm.dll+0x357136]
V  [jvm.dll+0x35eb96]
V  [jvm.dll+0x3b555e]
V  [jvm.dll+0x3b578f]
V  [jvm.dll+0x32c6ea]
V  [jvm.dll+0x32c797]
V  [jvm.dll+0x374b52]
V  [jvm.dll+0x37328f]
V  [jvm.dll+0x32bf10]
V  [jvm.dll+0x37282b]
V  [jvm.dll+0x85ef83]
V  [jvm.dll+0x85fd49]
V  [jvm.dll+0x86027d]
V  [jvm.dll+0x86070b]
V  [jvm.dll+0x8607c7]
V  [jvm.dll+0x8015fa]
V  [jvm.dll+0x6ed5eb]
C  [ucrtbase.dll+0x29363]
C  [KERNEL32.DLL+0x126bd]
C  [ntdll.dll+0x5dfb8]

VM_Operation (0x000000bb318fe2f0): G1CollectForAllocation, mode: safepoint, requested by thread 0x0000021f11b41790


---------------  P R O C E S S  ---------------

Threads class SMR info:
_java_thread_list=0x0000021f1299adb0, length=28, elements={
0x0000021f0c0fbde0, 0x0000021f0c0fe8c0, 0x0000021f0c1022e0, 0x0000021f0c104ea0,
0x0000021f0c106110, 0x0000021f0c106be0, 0x0000021f0c10cfd0, 0x0000021f0c10e0e0,
0x0000021f0c112210, 0x0000021f104e28a0, 0x0000021f104e2df0, 0x0000021f104e5870,
0x0000021f104e3890, 0x0000021f104e3de0, 0x0000021f104e4880, 0x0000021f104e4dd0,
0x0000021f104e3340, 0x0000021f104e5320, 0x0000021f11b41790, 0x0000021f11b42780,
0x0000021f11b44210, 0x0000021f11b3f260, 0x0000021f11b3fd00, 0x0000021f11b43220,
0x0000021f11b41240, 0x0000021f11b44760, 0x0000021f11b40250, 0x0000021f11b407a0
}

Java Threads: ( => current thread )
  0x0000021f0c0fbde0 JavaThread "Reference Handler" daemon [_thread_blocked, id=20692, stack(0x000000bb2fb00000,0x000000bb2fc00000)]
  0x0000021f0c0fe8c0 JavaThread "Finalizer" daemon [_thread_blocked, id=5448, stack(0x000000bb2fc00000,0x000000bb2fd00000)]
  0x0000021f0c1022e0 JavaThread "Signal Dispatcher" daemon [_thread_blocked, id=23356, stack(0x000000bb2fd00000,0x000000bb2fe00000)]
  0x0000021f0c104ea0 JavaThread "Attach Listener" daemon [_thread_blocked, id=14876, stack(0x000000bb2fe00000,0x000000bb2ff00000)]
  0x0000021f0c106110 JavaThread "Service Thread" daemon [_thread_blocked, id=5084, stack(0x000000bb2ff00000,0x000000bb30000000)]
  0x0000021f0c106be0 JavaThread "Monitor Deflation Thread" daemon [_thread_blocked, id=3108, stack(0x000000bb30000000,0x000000bb30100000)]
  0x0000021f0c10cfd0 JavaThread "C2 CompilerThread0" daemon [_thread_blocked, id=5308, stack(0x000000bb30100000,0x000000bb30200000)]
  0x0000021f0c10e0e0 JavaThread "C1 CompilerThread0" daemon [_thread_blocked, id=5720, stack(0x000000bb30200000,0x000000bb30300000)]
  0x0000021f0c112210 JavaThread "Sweeper thread" daemon [_thread_blocked, id=16552, stack(0x000000bb30300000,0x000000bb30400000)]
  0x0000021f104e28a0 JavaThread "Notification Thread" daemon [_thread_blocked, id=23392, stack(0x000000bb30400000,0x000000bb30500000)]
  0x0000021f104e2df0 JavaThread "Common-Cleaner" daemon [_thread_blocked, id=20708, stack(0x000000bb30600000,0x000000bb30700000)]
  0x0000021f104e5870 JavaThread "Java2D Disposer" daemon [_thread_blocked, id=18044, stack(0x000000bb30800000,0x000000bb30900000)]
  0x0000021f104e3890 JavaThread "AWT-Windows" daemon [_thread_in_native, id=872, stack(0x000000bb30a00000,0x000000bb30b00000)]
  0x0000021f104e3de0 JavaThread "AWT-Shutdown" [_thread_blocked, id=15876, stack(0x000000bb31100000,0x000000bb31200000)]
  0x0000021f104e4880 JavaThread "AWT-EventQueue-0" [_thread_blocked, id=10908, stack(0x000000bb31200000,0x000000bb31300000)]
  0x0000021f104e4dd0 JavaThread "DestroyJavaVM" [_thread_blocked, id=22288, stack(0x000000bb2f400000,0x000000bb2f500000)]
  0x0000021f104e3340 JavaThread "Thread-0" [_thread_blocked, id=21728, stack(0x000000bb31600000,0x000000bb31700000)]
  0x0000021f104e5320 JavaThread "Thread-1" [_thread_blocked, id=17416, stack(0x000000bb31700000,0x000000bb31800000)]
  0x0000021f11b41790 JavaThread "Thread-2" [_thread_blocked, id=6800, stack(0x000000bb31800000,0x000000bb31900000)]
  0x0000021f11b42780 JavaThread "Thread-3" [_thread_blocked, id=18644, stack(0x000000bb31900000,0x000000bb31a00000)]
  0x0000021f11b44210 JavaThread "Thread-4" [_thread_blocked, id=21828, stack(0x000000bb31a00000,0x000000bb31b00000)]
  0x0000021f11b3f260 JavaThread "Thread-5" [_thread_blocked, id=22876, stack(0x000000bb31b00000,0x000000bb31c00000)]
  0x0000021f11b3fd00 JavaThread "Thread-6" [_thread_blocked, id=22236, stack(0x000000bb31000000,0x000000bb31100000)]
  0x0000021f11b43220 JavaThread "Thread-7" [_thread_blocked, id=10032, stack(0x000000bb31c00000,0x000000bb31d00000)]
  0x0000021f11b41240 JavaThread "Thread-8" [_thread_blocked, id=17380, stack(0x000000bb31d00000,0x000000bb31e00000)]
  0x0000021f11b44760 JavaThread "Thread-9" [_thread_blocked, id=15668, stack(0x000000bb31e00000,0x000000bb31f00000)]
  0x0000021f11b40250 JavaThread "Thread-10" [_thread_blocked, id=19564, stack(0x000000bb31f00000,0x000000bb32000000)]
  0x0000021f11b407a0 JavaThread "Thread-11" [_thread_blocked, id=3876, stack(0x000000bb32000000,0x000000bb32100000)]

Other Threads:
=>0x0000021f0c0e3030 VMThread "VM Thread" [stack: 0x000000bb2fa00000,0x000000bb2fb00000] [id=14808]
  0x0000021f10507740 WatcherThread "VM Periodic Task Thread" [stack: 0x000000bb30500000,0x000000bb30600000] [id=20808]
  0x0000021f68c02700 WorkerThread "GC Thread#0" [stack: 0x000000bb2f500000,0x000000bb2f600000] [id=20148]
  0x0000021f10bd4400 WorkerThread "GC Thread#1" [stack: 0x000000bb30700000,0x000000bb30800000] [id=19812]
  0x0000021f10ffe1e0 WorkerThread "GC Thread#2" [stack: 0x000000bb30900000,0x000000bb30a00000] [id=17244]
  0x0000021f11c5b870 WorkerThread "GC Thread#3" [stack: 0x000000bb30b00000,0x000000bb30c00000] [id=1472]
  0x0000021f11c794c0 WorkerThread "GC Thread#4" [stack: 0x000000bb30c00000,0x000000bb30d00000] [id=15276]
  0x0000021f11bd8f10 WorkerThread "GC Thread#5" [stack: 0x000000bb30d00000,0x000000bb30e00000] [id=20684]
  0x0000021f11be3200 WorkerThread "GC Thread#6" [stack: 0x000000bb30e00000,0x000000bb30f00000] [id=19328]
  0x0000021f11be1e50 WorkerThread "GC Thread#7" [stack: 0x000000bb30f00000,0x000000bb31000000] [id=18824]
  0x0000021f68c13960 ConcurrentGCThread "G1 Main Marker" [stack: 0x000000bb2f600000,0x000000bb2f700000] [id=23008]
  0x0000021f68c14b30 WorkerThread "G1 Conc#0" [stack: 0x000000bb2f700000,0x000000bb2f800000] [id=3104]
  0x0000021f68c4e1c0 ConcurrentGCThread "G1 Refine#0" [stack: 0x000000bb2f800000,0x000000bb2f900000] [id=10444]
  0x0000021f0bf9c0e0 ConcurrentGCThread "G1 Service" [stack: 0x000000bb2f900000,0x000000bb2fa00000] [id=11640]

Threads with active compile tasks:
C2 CompilerThread0    15880 3396       4       trade.A6Rowa::setAmultV1 (112 bytes)

VM state: at safepoint (normal execution)

VM Mutex/Monitor currently owned by a thread:  ([mutex/lock_event])
[0x0000021f68b8c020] Threads_lock - owner thread: 0x0000021f0c0e3030
[0x0000021f68b8c410] Heap_lock - owner thread: 0x0000021f11b41790

Heap address: 0x0000000700000000, size: 4096 MB, Compressed Oops mode: Zero based, Oop shift amount: 3

CDS archive(s) mapped at: [0x0000000800000000-0x0000000800c40000-0x0000000800c40000), size 12845056, SharedBaseAddress: 0x0000000800000000, ArchiveRelocationMode: 0.
Compressed class space mapped at: 0x0000000801000000-0x0000000841000000, reserved size: 1073741824
Narrow klass base: 0x0000000800000000, Narrow klass shift: 0, Narrow klass range: 0x100000000

GC Precious Log:
 CardTable entry size: 512
 Card Set container configuration: InlinePtr #cards 4 size 8 Array Of Cards #cards 16 size 48 Howl #buckets 8 coarsen threshold 3686 Howl Bitmap #cards 512 size 80 coarsen threshold 460 Card regions per heap region 1 cards per card region 4096
 CPUs: 8 total, 8 available
 Memory: 8067M
 Large Page Support: Disabled
 NUMA Support: Disabled
 Compressed Oops: Enabled (Zero based)
 Heap Region Size: 2M
 Heap Min Capacity: 8M
 Heap Initial Capacity: 128M
 Heap Max Capacity: 4G
 Pre-touch: Disabled
 Parallel Workers: 8
 Concurrent Workers: 2
 Concurrent Refinement Workers: 8
 Periodic GC: Disabled

Heap:
 garbage-first heap   total 790528K, used 204150K [0x0000000700000000, 0x0000000800000000)
  region size 2048K, 17 young (34816K), 17 survivors (34816K)
 Metaspace       used 15329K, committed 15552K, reserved 1114112K
  class space    used 1494K, committed 1600K, reserved 1048576K

Heap Regions: E=young(eden), S=young(survivor), O=old, HS=humongous(starts), HC=humongous(continues), CS=collection set, F=free, OA=open archive, CA=closed archive, TAMS=top-at-mark-start (previous, next)
|   0|0x0000000700000000, 0x0000000700200000, 0x0000000700200000|100%| O|  |TAMS 0x0000000700000000, 0x0000000700000000| Untracked 
|   1|0x0000000700200000, 0x0000000700400000, 0x0000000700400000|100%| O|  |TAMS 0x0000000700200000, 0x0000000700200000| Untracked 
|   2|0x0000000700400000, 0x0000000700600000, 0x0000000700600000|100%| O|  |TAMS 0x0000000700400000, 0x0000000700400000| Untracked 
|   3|0x0000000700600000, 0x0000000700800000, 0x0000000700800000|100%|HS|  |TAMS 0x0000000700600000, 0x0000000700600000| Complete 
|   4|0x0000000700800000, 0x0000000700a00000, 0x0000000700a00000|100%|HC|  |TAMS 0x0000000700800000, 0x0000000700800000| Complete 
|   5|0x0000000700a00000, 0x0000000700c00000, 0x0000000700c00000|100%|HC|  |TAMS 0x0000000700a00000, 0x0000000700a00000| Complete 
|   6|0x0000000700c00000, 0x0000000700e00000, 0x0000000700e00000|100%| O|  |TAMS 0x0000000700c00000, 0x0000000700c00000| Untracked 
|   7|0x0000000700e00000, 0x0000000700fffff8, 0x0000000701000000| 99%| O|  |TAMS 0x0000000700e00000, 0x0000000700e00000| Untracked 
|   8|0x0000000701000000, 0x0000000701200000, 0x0000000701200000|100%| O|  |TAMS 0x0000000701000000, 0x0000000701000000| Untracked 
|   9|0x0000000701200000, 0x00000007013ffff8, 0x0000000701400000| 99%| O|  |TAMS 0x0000000701200000, 0x0000000701200000| Untracked 
|  10|0x0000000701400000, 0x0000000701600000, 0x0000000701600000|100%| O|  |TAMS 0x0000000701400000, 0x0000000701400000| Untracked 
|  11|0x0000000701600000, 0x0000000701800000, 0x0000000701800000|100%| O|  |TAMS 0x0000000701600000, 0x0000000701600000| Untracked 
|  12|0x0000000701800000, 0x0000000701a00000, 0x0000000701a00000|100%| O|  |TAMS 0x0000000701800000, 0x0000000701800000| Untracked 
|  13|0x0000000701a00000, 0x0000000701c00000, 0x0000000701c00000|100%| O|  |TAMS 0x0000000701a00000, 0x0000000701a00000| Untracked 
|  14|0x0000000701c00000, 0x0000000701e00000, 0x0000000701e00000|100%| O|  |TAMS 0x0000000701c00000, 0x0000000701c00000| Untracked 
|  15|0x0000000701e00000, 0x0000000702000000, 0x0000000702000000|100%| O|  |TAMS 0x0000000701e00000, 0x0000000701e00000| Untracked 
|  16|0x0000000702000000, 0x0000000702200000, 0x0000000702200000|100%| O|  |TAMS 0x0000000702000000, 0x0000000702000000| Untracked 
|  17|0x0000000702200000, 0x0000000702400000, 0x0000000702400000|100%| O|  |TAMS 0x0000000702200000, 0x0000000702200000| Untracked 
|  18|0x0000000702400000, 0x0000000702600000, 0x0000000702600000|100%| O|  |TAMS 0x0000000702400000, 0x0000000702400000| Untracked 
|  19|0x0000000702600000, 0x0000000702800000, 0x0000000702800000|100%| O|  |TAMS 0x0000000702600000, 0x0000000702600000| Untracked 
|  20|0x0000000702800000, 0x0000000702a00000, 0x0000000702a00000|100%| O|  |TAMS 0x0000000702800000, 0x0000000702800000| Untracked 
|  21|0x0000000702a00000, 0x0000000702c00000, 0x0000000702c00000|100%| O|  |TAMS 0x0000000702a00000, 0x0000000702a00000| Untracked 
|  22|0x0000000702c00000, 0x0000000702e00000, 0x0000000702e00000|100%| O|  |TAMS 0x0000000702c00000, 0x0000000702c00000| Untracked 
|  23|0x0000000702e00000, 0x0000000703000000, 0x0000000703000000|100%| O|  |TAMS 0x0000000702e00000, 0x0000000702e00000| Untracked 
|  24|0x0000000703000000, 0x0000000703200000, 0x0000000703200000|100%| O|  |TAMS 0x0000000703000000, 0x0000000703000000| Untracked 
|  25|0x0000000703200000, 0x0000000703400000, 0x0000000703400000|100%| O|  |TAMS 0x0000000703200000, 0x0000000703200000| Untracked 
|  26|0x0000000703400000, 0x0000000703600000, 0x0000000703600000|100%| O|  |TAMS 0x0000000703400000, 0x0000000703400000| Untracked 
|  27|0x0000000703600000, 0x0000000703800000, 0x0000000703800000|100%| O|  |TAMS 0x0000000703600000, 0x0000000703600000| Untracked 
|  28|0x0000000703800000, 0x0000000703a00000, 0x0000000703a00000|100%| O|  |TAMS 0x0000000703800000, 0x0000000703800000| Untracked 
|  29|0x0000000703a00000, 0x0000000703c00000, 0x0000000703c00000|100%| O|  |TAMS 0x0000000703a00000, 0x0000000703a00000| Untracked 
|  30|0x0000000703c00000, 0x0000000703e00000, 0x0000000703e00000|100%| O|  |TAMS 0x0000000703c00000, 0x0000000703c00000| Untracked 
|  31|0x0000000703e00000, 0x0000000704000000, 0x0000000704000000|100%| O|  |TAMS 0x0000000703e00000, 0x0000000703e00000| Untracked 
|  32|0x0000000704000000, 0x0000000704200000, 0x0000000704200000|100%| O|  |TAMS 0x0000000704000000, 0x0000000704000000| Untracked 
|  33|0x0000000704200000, 0x0000000704400000, 0x0000000704400000|100%| O|  |TAMS 0x0000000704200000, 0x0000000704200000| Untracked 
|  34|0x0000000704400000, 0x0000000704600000, 0x0000000704600000|100%| O|  |TAMS 0x0000000704400000, 0x0000000704400000| Untracked 
|  35|0x0000000704600000, 0x0000000704800000, 0x0000000704800000|100%| O|  |TAMS 0x0000000704600000, 0x0000000704600000| Untracked 
|  36|0x0000000704800000, 0x0000000704a00000, 0x0000000704a00000|100%| O|  |TAMS 0x0000000704800000, 0x0000000704800000| Untracked 
|  37|0x0000000704a00000, 0x0000000704c00000, 0x0000000704c00000|100%| O|  |TAMS 0x0000000704a00000, 0x0000000704a00000| Untracked 
|  38|0x0000000704c00000, 0x0000000704e00000, 0x0000000704e00000|100%| O|  |TAMS 0x0000000704c00000, 0x0000000704c00000| Untracked 
|  39|0x0000000704e00000, 0x0000000705000000, 0x0000000705000000|100%| O|  |TAMS 0x0000000704e00000, 0x0000000704e00000| Untracked 
|  40|0x0000000705000000, 0x0000000705200000, 0x0000000705200000|100%| O|  |TAMS 0x0000000705000000, 0x0000000705000000| Untracked 
|  41|0x0000000705200000, 0x0000000705400000, 0x0000000705400000|100%| O|  |TAMS 0x0000000705200000, 0x0000000705200000| Untracked 
|  42|0x0000000705400000, 0x0000000705600000, 0x0000000705600000|100%| O|  |TAMS 0x0000000705400000, 0x0000000705400000| Untracked 
|  43|0x0000000705600000, 0x0000000705800000, 0x0000000705800000|100%| O|  |TAMS 0x0000000705600000, 0x0000000705600000| Untracked 
|  44|0x0000000705800000, 0x0000000705a00000, 0x0000000705a00000|100%| O|  |TAMS 0x0000000705800000, 0x0000000705800000| Untracked 
|  45|0x0000000705a00000, 0x0000000705c00000, 0x0000000705c00000|100%| O|  |TAMS 0x0000000705a00000, 0x0000000705a00000| Untracked 
|  46|0x0000000705c00000, 0x0000000705e00000, 0x0000000705e00000|100%| O|  |TAMS 0x0000000705c00000, 0x0000000705c00000| Untracked 
|  47|0x0000000705e00000, 0x0000000706000000, 0x0000000706000000|100%| O|  |TAMS 0x0000000705e00000, 0x0000000705e00000| Untracked 
|  48|0x0000000706000000, 0x0000000706200000, 0x0000000706200000|100%| O|  |TAMS 0x0000000706000000, 0x0000000706000000| Untracked 
|  49|0x0000000706200000, 0x0000000706400000, 0x0000000706400000|100%| O|  |TAMS 0x0000000706200000, 0x0000000706200000| Untracked 
|  50|0x0000000706400000, 0x0000000706600000, 0x0000000706600000|100%| O|  |TAMS 0x0000000706400000, 0x0000000706400000| Untracked 
|  51|0x0000000706600000, 0x0000000706800000, 0x0000000706800000|100%| O|  |TAMS 0x0000000706600000, 0x0000000706600000| Untracked 
|  52|0x0000000706800000, 0x0000000706a00000, 0x0000000706a00000|100%| O|  |TAMS 0x0000000706800000, 0x0000000706800000| Untracked 
|  53|0x0000000706a00000, 0x0000000706c00000, 0x0000000706c00000|100%| O|  |TAMS 0x0000000706a00000, 0x0000000706a00000| Untracked 
|  54|0x0000000706c00000, 0x0000000706e00000, 0x0000000706e00000|100%| O|  |TAMS 0x0000000706c00000, 0x0000000706c00000| Untracked 
|  55|0x0000000706e00000, 0x0000000707000000, 0x0000000707000000|100%| O|  |TAMS 0x0000000706e00000, 0x0000000706e00000| Untracked 
|  56|0x0000000707000000, 0x0000000707200000, 0x0000000707200000|100%| O|  |TAMS 0x0000000707000000, 0x0000000707000000| Untracked 
|  57|0x0000000707200000, 0x0000000707400000, 0x0000000707400000|100%| O|  |TAMS 0x0000000707200000, 0x0000000707200000| Untracked 
|  58|0x0000000707400000, 0x0000000707600000, 0x0000000707600000|100%| O|  |TAMS 0x0000000707400000, 0x0000000707400000| Untracked 
|  59|0x0000000707600000, 0x0000000707800000, 0x0000000707800000|100%| O|  |TAMS 0x0000000707600000, 0x0000000707600000| Untracked 
|  60|0x0000000707800000, 0x0000000707a00000, 0x0000000707a00000|100%| O|  |TAMS 0x0000000707800000, 0x0000000707800000| Untracked 
|  61|0x0000000707a00000, 0x0000000707c00000, 0x0000000707c00000|100%| O|  |TAMS 0x0000000707a00000, 0x0000000707a00000| Untracked 
|  62|0x0000000707c00000, 0x0000000707e00000, 0x0000000707e00000|100%| O|  |TAMS 0x0000000707c00000, 0x0000000707c00000| Untracked 
|  63|0x0000000707e00000, 0x0000000708000000, 0x0000000708000000|100%| O|  |TAMS 0x0000000707e00000, 0x0000000707e00000| Untracked 
|  64|0x0000000708000000, 0x0000000708200000, 0x0000000708200000|100%| O|  |TAMS 0x0000000708000000, 0x0000000708000000| Untracked 
|  65|0x0000000708200000, 0x0000000708400000, 0x0000000708400000|100%| O|  |TAMS 0x0000000708200000, 0x0000000708200000| Untracked 
|  66|0x0000000708400000, 0x0000000708600000, 0x0000000708600000|100%| O|  |TAMS 0x0000000708400000, 0x0000000708400000| Untracked 
|  67|0x0000000708600000, 0x0000000708800000, 0x0000000708800000|100%| O|  |TAMS 0x0000000708600000, 0x0000000708600000| Untracked 
|  68|0x0000000708800000, 0x0000000708a00000, 0x0000000708a00000|100%| O|  |TAMS 0x0000000708800000, 0x0000000708800000| Untracked 
|  69|0x0000000708a00000, 0x0000000708c00000, 0x0000000708c00000|100%| O|  |TAMS 0x0000000708a00000, 0x0000000708a00000| Untracked 
|  70|0x0000000708c00000, 0x0000000708e00000, 0x0000000708e00000|100%| O|  |TAMS 0x0000000708c00000, 0x0000000708c00000| Untracked 
|  71|0x0000000708e00000, 0x0000000709000000, 0x0000000709000000|100%| O|  |TAMS 0x0000000708e00000, 0x0000000708e00000| Untracked 
|  72|0x0000000709000000, 0x0000000709200000, 0x0000000709200000|100%| O|  |TAMS 0x0000000709000000, 0x0000000709000000| Untracked 
|  73|0x0000000709200000, 0x0000000709400000, 0x0000000709400000|100%| O|  |TAMS 0x0000000709200000, 0x0000000709200000| Untracked 
|  74|0x0000000709400000, 0x0000000709600000, 0x0000000709600000|100%| O|  |TAMS 0x0000000709400000, 0x0000000709400000| Untracked 
|  75|0x0000000709600000, 0x0000000709800000, 0x0000000709800000|100%| O|  |TAMS 0x0000000709600000, 0x0000000709600000| Untracked 
|  76|0x0000000709800000, 0x0000000709a00000, 0x0000000709a00000|100%| O|  |TAMS 0x0000000709800000, 0x0000000709800000| Untracked 
|  77|0x0000000709a00000, 0x0000000709c00000, 0x0000000709c00000|100%| O|  |TAMS 0x0000000709a00000, 0x0000000709a00000| Untracked 
|  78|0x0000000709c00000, 0x0000000709e00000, 0x0000000709e00000|100%| O|  |TAMS 0x0000000709c00000, 0x0000000709c00000| Untracked 
|  79|0x0000000709e00000, 0x000000070a000000, 0x000000070a000000|100%| O|  |TAMS 0x0000000709e00000, 0x0000000709e00000| Untracked 
|  80|0x000000070a000000, 0x000000070a200000, 0x000000070a200000|100%| O|  |TAMS 0x000000070a000000, 0x000000070a000000| Untracked 
|  81|0x000000070a200000, 0x000000070a400000, 0x000000070a400000|100%| O|  |TAMS 0x000000070a200000, 0x000000070a200000| Untracked 
|  82|0x000000070a400000, 0x000000070a55da00, 0x000000070a600000| 68%| O|  |TAMS 0x000000070a400000, 0x000000070a400000| Untracked 
|  83|0x000000070a600000, 0x000000070a600000, 0x000000070a800000|  0%| F|  |TAMS 0x000000070a600000, 0x000000070a600000| Untracked 
|  84|0x000000070a800000, 0x000000070a800000, 0x000000070aa00000|  0%| F|  |TAMS 0x000000070a800000, 0x000000070a800000| Untracked 
|  85|0x000000070aa00000, 0x000000070aa00000, 0x000000070ac00000|  0%| F|  |TAMS 0x000000070aa00000, 0x000000070aa00000| Untracked 
|  86|0x000000070ac00000, 0x000000070ac00000, 0x000000070ae00000|  0%| F|  |TAMS 0x000000070ac00000, 0x000000070ac00000| Untracked 
|  87|0x000000070ae00000, 0x000000070ae00000, 0x000000070b000000|  0%| F|  |TAMS 0x000000070ae00000, 0x000000070ae00000| Untracked 
|  88|0x000000070b000000, 0x000000070b000000, 0x000000070b200000|  0%| F|  |TAMS 0x000000070b000000, 0x000000070b000000| Untracked 
|  89|0x000000070b200000, 0x000000070b200000, 0x000000070b400000|  0%| F|  |TAMS 0x000000070b200000, 0x000000070b200000| Untracked 
|  90|0x000000070b400000, 0x000000070b400000, 0x000000070b600000|  0%| F|  |TAMS 0x000000070b400000, 0x000000070b400000| Untracked 
|  91|0x000000070b600000, 0x000000070b600000, 0x000000070b800000|  0%| F|  |TAMS 0x000000070b600000, 0x000000070b600000| Untracked 
|  92|0x000000070b800000, 0x000000070b800000, 0x000000070ba00000|  0%| F|  |TAMS 0x000000070b800000, 0x000000070b800000| Untracked 
|  93|0x000000070ba00000, 0x000000070ba00000, 0x000000070bc00000|  0%| F|  |TAMS 0x000000070ba00000, 0x000000070ba00000| Untracked 
|  94|0x000000070bc00000, 0x000000070bc00000, 0x000000070be00000|  0%| F|  |TAMS 0x000000070bc00000, 0x000000070bc00000| Untracked 
|  95|0x000000070be00000, 0x000000070be00000, 0x000000070c000000|  0%| F|  |TAMS 0x000000070be00000, 0x000000070be00000| Untracked 
|  96|0x000000070c000000, 0x000000070c000000, 0x000000070c200000|  0%| F|  |TAMS 0x000000070c000000, 0x000000070c000000| Untracked 
|  97|0x000000070c200000, 0x000000070c200000, 0x000000070c400000|  0%| F|  |TAMS 0x000000070c200000, 0x000000070c200000| Untracked 
|  98|0x000000070c400000, 0x000000070c400000, 0x000000070c600000|  0%| F|  |TAMS 0x000000070c400000, 0x000000070c400000| Untracked 
|  99|0x000000070c600000, 0x000000070c600000, 0x000000070c800000|  0%| F|  |TAMS 0x000000070c600000, 0x000000070c600000| Untracked 
| 100|0x000000070c800000, 0x000000070c800000, 0x000000070ca00000|  0%| F|  |TAMS 0x000000070c800000, 0x000000070c800000| Untracked 
| 101|0x000000070ca00000, 0x000000070ca00000, 0x000000070cc00000|  0%| F|  |TAMS 0x000000070ca00000, 0x000000070ca00000| Untracked 
| 102|0x000000070cc00000, 0x000000070cc00000, 0x000000070ce00000|  0%| F|  |TAMS 0x000000070cc00000, 0x000000070cc00000| Untracked 
| 103|0x000000070ce00000, 0x000000070ce00000, 0x000000070d000000|  0%| F|  |TAMS 0x000000070ce00000, 0x000000070ce00000| Untracked 
| 104|0x000000070d000000, 0x000000070d000000, 0x000000070d200000|  0%| F|  |TAMS 0x000000070d000000, 0x000000070d000000| Untracked 
| 105|0x000000070d200000, 0x000000070d200000, 0x000000070d400000|  0%| F|  |TAMS 0x000000070d200000, 0x000000070d200000| Untracked 
| 106|0x000000070d400000, 0x000000070d400000, 0x000000070d600000|  0%| F|  |TAMS 0x000000070d400000, 0x000000070d400000| Untracked 
| 107|0x000000070d600000, 0x000000070d600000, 0x000000070d800000|  0%| F|  |TAMS 0x000000070d600000, 0x000000070d600000| Untracked 
| 108|0x000000070d800000, 0x000000070d800000, 0x000000070da00000|  0%| F|  |TAMS 0x000000070d800000, 0x000000070d800000| Untracked 
| 109|0x000000070da00000, 0x000000070da00000, 0x000000070dc00000|  0%| F|  |TAMS 0x000000070da00000, 0x000000070da00000| Untracked 
| 110|0x000000070dc00000, 0x000000070dc00000, 0x000000070de00000|  0%| F|  |TAMS 0x000000070dc00000, 0x000000070dc00000| Untracked 
| 111|0x000000070de00000, 0x000000070de00000, 0x000000070e000000|  0%| F|  |TAMS 0x000000070de00000, 0x000000070de00000| Untracked 
| 112|0x000000070e000000, 0x000000070e000000, 0x000000070e200000|  0%| F|  |TAMS 0x000000070e000000, 0x000000070e000000| Untracked 
| 113|0x000000070e200000, 0x000000070e200000, 0x000000070e400000|  0%| F|  |TAMS 0x000000070e200000, 0x000000070e200000| Untracked 
| 114|0x000000070e400000, 0x000000070e400000, 0x000000070e600000|  0%| F|  |TAMS 0x000000070e400000, 0x000000070e400000| Untracked 
| 115|0x000000070e600000, 0x000000070e600000, 0x000000070e800000|  0%| F|  |TAMS 0x000000070e600000, 0x000000070e600000| Untracked 
| 116|0x000000070e800000, 0x000000070e800000, 0x000000070ea00000|  0%| F|  |TAMS 0x000000070e800000, 0x000000070e800000| Untracked 
| 117|0x000000070ea00000, 0x000000070ea00000, 0x000000070ec00000|  0%| F|  |TAMS 0x000000070ea00000, 0x000000070ea00000| Untracked 
| 118|0x000000070ec00000, 0x000000070ec00000, 0x000000070ee00000|  0%| F|  |TAMS 0x000000070ec00000, 0x000000070ec00000| Untracked 
| 119|0x000000070ee00000, 0x000000070ee00000, 0x000000070f000000|  0%| F|  |TAMS 0x000000070ee00000, 0x000000070ee00000| Untracked 
| 120|0x000000070f000000, 0x000000070f000000, 0x000000070f200000|  0%| F|  |TAMS 0x000000070f000000, 0x000000070f000000| Untracked 
| 121|0x000000070f200000, 0x000000070f200000, 0x000000070f400000|  0%| F|  |TAMS 0x000000070f200000, 0x000000070f200000| Untracked 
| 122|0x000000070f400000, 0x000000070f400000, 0x000000070f600000|  0%| F|  |TAMS 0x000000070f400000, 0x000000070f400000| Untracked 
| 123|0x000000070f600000, 0x000000070f600000, 0x000000070f800000|  0%| F|  |TAMS 0x000000070f600000, 0x000000070f600000| Untracked 
| 124|0x000000070f800000, 0x000000070f800000, 0x000000070fa00000|  0%| F|  |TAMS 0x000000070f800000, 0x000000070f800000| Untracked 
| 125|0x000000070fa00000, 0x000000070fa00000, 0x000000070fc00000|  0%| F|  |TAMS 0x000000070fa00000, 0x000000070fa00000| Untracked 
| 126|0x000000070fc00000, 0x000000070fc00000, 0x000000070fe00000|  0%| F|  |TAMS 0x000000070fc00000, 0x000000070fc00000| Untracked 
| 127|0x000000070fe00000, 0x000000070fe00000, 0x0000000710000000|  0%| F|  |TAMS 0x000000070fe00000, 0x000000070fe00000| Untracked 
| 128|0x0000000710000000, 0x0000000710000000, 0x0000000710200000|  0%| F|  |TAMS 0x0000000710000000, 0x0000000710000000| Untracked 
| 129|0x0000000710200000, 0x0000000710200000, 0x0000000710400000|  0%| F|  |TAMS 0x0000000710200000, 0x0000000710200000| Untracked 
| 130|0x0000000710400000, 0x0000000710400000, 0x0000000710600000|  0%| F|  |TAMS 0x0000000710400000, 0x0000000710400000| Untracked 
| 131|0x0000000710600000, 0x0000000710600000, 0x0000000710800000|  0%| F|  |TAMS 0x0000000710600000, 0x0000000710600000| Untracked 
| 132|0x0000000710800000, 0x0000000710800000, 0x0000000710a00000|  0%| F|  |TAMS 0x0000000710800000, 0x0000000710800000| Untracked 
| 133|0x0000000710a00000, 0x0000000710a00000, 0x0000000710c00000|  0%| F|  |TAMS 0x0000000710a00000, 0x0000000710a00000| Untracked 
| 134|0x0000000710c00000, 0x0000000710c00000, 0x0000000710e00000|  0%| F|  |TAMS 0x0000000710c00000, 0x0000000710c00000| Untracked 
| 135|0x0000000710e00000, 0x0000000710e00000, 0x0000000711000000|  0%| F|  |TAMS 0x0000000710e00000, 0x0000000710e00000| Untracked 
| 136|0x0000000711000000, 0x0000000711000000, 0x0000000711200000|  0%| F|  |TAMS 0x0000000711000000, 0x0000000711000000| Untracked 
| 137|0x0000000711200000, 0x0000000711200000, 0x0000000711400000|  0%| F|  |TAMS 0x0000000711200000, 0x0000000711200000| Untracked 
| 138|0x0000000711400000, 0x0000000711400000, 0x0000000711600000|  0%| F|  |TAMS 0x0000000711400000, 0x0000000711400000| Untracked 
| 139|0x0000000711600000, 0x0000000711600000, 0x0000000711800000|  0%| F|  |TAMS 0x0000000711600000, 0x0000000711600000| Untracked 
| 140|0x0000000711800000, 0x0000000711800000, 0x0000000711a00000|  0%| F|  |TAMS 0x0000000711800000, 0x0000000711800000| Untracked 
| 141|0x0000000711a00000, 0x0000000711a00000, 0x0000000711c00000|  0%| F|  |TAMS 0x0000000711a00000, 0x0000000711a00000| Untracked 
| 142|0x0000000711c00000, 0x0000000711c00000, 0x0000000711e00000|  0%| F|  |TAMS 0x0000000711c00000, 0x0000000711c00000| Untracked 
| 143|0x0000000711e00000, 0x0000000711e00000, 0x0000000712000000|  0%| F|  |TAMS 0x0000000711e00000, 0x0000000711e00000| Untracked 
| 144|0x0000000712000000, 0x0000000712000000, 0x0000000712200000|  0%| F|  |TAMS 0x0000000712000000, 0x0000000712000000| Untracked 
| 145|0x0000000712200000, 0x0000000712200000, 0x0000000712400000|  0%| F|  |TAMS 0x0000000712200000, 0x0000000712200000| Untracked 
| 146|0x0000000712400000, 0x0000000712600000, 0x0000000712600000|100%| S|CS|TAMS 0x0000000712400000, 0x0000000712400000| Complete 
| 147|0x0000000712600000, 0x0000000712800000, 0x0000000712800000|100%| S|CS|TAMS 0x0000000712600000, 0x0000000712600000| Complete 
| 148|0x0000000712800000, 0x0000000712a00000, 0x0000000712a00000|100%| S|CS|TAMS 0x0000000712800000, 0x0000000712800000| Complete 
| 149|0x0000000712a00000, 0x0000000712c00000, 0x0000000712c00000|100%| S|CS|TAMS 0x0000000712a00000, 0x0000000712a00000| Complete 
| 150|0x0000000712c00000, 0x0000000712e00000, 0x0000000712e00000|100%| S|CS|TAMS 0x0000000712c00000, 0x0000000712c00000| Complete 
| 151|0x0000000712e00000, 0x0000000713000000, 0x0000000713000000|100%| S|CS|TAMS 0x0000000712e00000, 0x0000000712e00000| Complete 
| 152|0x0000000713000000, 0x0000000713200000, 0x0000000713200000|100%| S|CS|TAMS 0x0000000713000000, 0x0000000713000000| Complete 
| 153|0x0000000713200000, 0x0000000713400000, 0x0000000713400000|100%| S|CS|TAMS 0x0000000713200000, 0x0000000713200000| Complete 
| 154|0x0000000713400000, 0x0000000713600000, 0x0000000713600000|100%| S|CS|TAMS 0x0000000713400000, 0x0000000713400000| Complete 
| 155|0x0000000713600000, 0x0000000713800000, 0x0000000713800000|100%| S|CS|TAMS 0x0000000713600000, 0x0000000713600000| Complete 
| 156|0x0000000713800000, 0x0000000713a00000, 0x0000000713a00000|100%| S|CS|TAMS 0x0000000713800000, 0x0000000713800000| Complete 
| 157|0x0000000713a00000, 0x0000000713c00000, 0x0000000713c00000|100%| S|CS|TAMS 0x0000000713a00000, 0x0000000713a00000| Complete 
| 158|0x0000000713c00000, 0x0000000713e00000, 0x0000000713e00000|100%| S|CS|TAMS 0x0000000713c00000, 0x0000000713c00000| Complete 
| 159|0x0000000713e00000, 0x0000000714000000, 0x0000000714000000|100%| S|CS|TAMS 0x0000000713e00000, 0x0000000713e00000| Complete 
| 160|0x0000000714000000, 0x0000000714200000, 0x0000000714200000|100%| S|CS|TAMS 0x0000000714000000, 0x0000000714000000| Complete 
| 161|0x0000000714200000, 0x0000000714400000, 0x0000000714400000|100%| S|CS|TAMS 0x0000000714200000, 0x0000000714200000| Complete 
| 162|0x0000000714400000, 0x0000000714600000, 0x0000000714600000|100%| S|CS|TAMS 0x0000000714400000, 0x0000000714400000| Complete 
| 163|0x0000000714600000, 0x0000000714600000, 0x0000000714800000|  0%| F|  |TAMS 0x0000000714600000, 0x0000000714600000| Untracked 
| 164|0x0000000714800000, 0x0000000714800000, 0x0000000714a00000|  0%| F|  |TAMS 0x0000000714800000, 0x0000000714800000| Untracked 
| 165|0x0000000714a00000, 0x0000000714a00000, 0x0000000714c00000|  0%| F|  |TAMS 0x0000000714a00000, 0x0000000714a00000| Untracked 
| 166|0x0000000714c00000, 0x0000000714c00000, 0x0000000714e00000|  0%| F|  |TAMS 0x0000000714c00000, 0x0000000714c00000| Untracked 
| 167|0x0000000714e00000, 0x0000000714e00000, 0x0000000715000000|  0%| F|  |TAMS 0x0000000714e00000, 0x0000000714e00000| Untracked 
| 168|0x0000000715000000, 0x0000000715000000, 0x0000000715200000|  0%| F|  |TAMS 0x0000000715000000, 0x0000000715000000| Untracked 
| 169|0x0000000715200000, 0x0000000715200000, 0x0000000715400000|  0%| F|  |TAMS 0x0000000715200000, 0x0000000715200000| Untracked 
| 170|0x0000000715400000, 0x0000000715400000, 0x0000000715600000|  0%| F|  |TAMS 0x0000000715400000, 0x0000000715400000| Untracked 
| 171|0x0000000715600000, 0x0000000715600000, 0x0000000715800000|  0%| F|  |TAMS 0x0000000715600000, 0x0000000715600000| Untracked 
| 172|0x0000000715800000, 0x0000000715800000, 0x0000000715a00000|  0%| F|  |TAMS 0x0000000715800000, 0x0000000715800000| Untracked 
| 173|0x0000000715a00000, 0x0000000715a00000, 0x0000000715c00000|  0%| F|  |TAMS 0x0000000715a00000, 0x0000000715a00000| Untracked 
| 174|0x0000000715c00000, 0x0000000715c00000, 0x0000000715e00000|  0%| F|  |TAMS 0x0000000715c00000, 0x0000000715c00000| Untracked 
| 175|0x0000000715e00000, 0x0000000715e00000, 0x0000000716000000|  0%| F|  |TAMS 0x0000000715e00000, 0x0000000715e00000| Untracked 
| 176|0x0000000716000000, 0x0000000716000000, 0x0000000716200000|  0%| F|  |TAMS 0x0000000716000000, 0x0000000716000000| Untracked 
| 177|0x0000000716200000, 0x0000000716200000, 0x0000000716400000|  0%| F|  |TAMS 0x0000000716200000, 0x0000000716200000| Untracked 
| 178|0x0000000716400000, 0x0000000716400000, 0x0000000716600000|  0%| F|  |TAMS 0x0000000716400000, 0x0000000716400000| Untracked 
| 179|0x0000000716600000, 0x0000000716600000, 0x0000000716800000|  0%| F|  |TAMS 0x0000000716600000, 0x0000000716600000| Untracked 
| 180|0x0000000716800000, 0x0000000716800000, 0x0000000716a00000|  0%| F|  |TAMS 0x0000000716800000, 0x0000000716800000| Untracked 
| 181|0x0000000716a00000, 0x0000000716a00000, 0x0000000716c00000|  0%| F|  |TAMS 0x0000000716a00000, 0x0000000716a00000| Untracked 
| 182|0x0000000716c00000, 0x0000000716c00000, 0x0000000716e00000|  0%| F|  |TAMS 0x0000000716c00000, 0x0000000716c00000| Untracked 
| 183|0x0000000716e00000, 0x0000000716e00000, 0x0000000717000000|  0%| F|  |TAMS 0x0000000716e00000, 0x0000000716e00000| Untracked 
| 184|0x0000000717000000, 0x0000000717000000, 0x0000000717200000|  0%| F|  |TAMS 0x0000000717000000, 0x0000000717000000| Untracked 
| 185|0x0000000717200000, 0x0000000717200000, 0x0000000717400000|  0%| F|  |TAMS 0x0000000717200000, 0x0000000717200000| Untracked 
| 186|0x0000000717400000, 0x0000000717400000, 0x0000000717600000|  0%| F|  |TAMS 0x0000000717400000, 0x0000000717400000| Untracked 
| 187|0x0000000717600000, 0x0000000717600000, 0x0000000717800000|  0%| F|  |TAMS 0x0000000717600000, 0x0000000717600000| Untracked 
| 188|0x0000000717800000, 0x0000000717800000, 0x0000000717a00000|  0%| F|  |TAMS 0x0000000717800000, 0x0000000717800000| Untracked 
| 189|0x0000000717a00000, 0x0000000717a00000, 0x0000000717c00000|  0%| F|  |TAMS 0x0000000717a00000, 0x0000000717a00000| Untracked 
| 190|0x0000000717c00000, 0x0000000717c00000, 0x0000000717e00000|  0%| F|  |TAMS 0x0000000717c00000, 0x0000000717c00000| Untracked 
| 191|0x0000000717e00000, 0x0000000717e00000, 0x0000000718000000|  0%| F|  |TAMS 0x0000000717e00000, 0x0000000717e00000| Untracked 
| 192|0x0000000718000000, 0x0000000718000000, 0x0000000718200000|  0%| F|  |TAMS 0x0000000718000000, 0x0000000718000000| Untracked 
| 193|0x0000000718200000, 0x0000000718200000, 0x0000000718400000|  0%| F|  |TAMS 0x0000000718200000, 0x0000000718200000| Untracked 
| 194|0x0000000718400000, 0x0000000718400000, 0x0000000718600000|  0%| F|  |TAMS 0x0000000718400000, 0x0000000718400000| Untracked 
| 195|0x0000000718600000, 0x0000000718600000, 0x0000000718800000|  0%| F|  |TAMS 0x0000000718600000, 0x0000000718600000| Untracked 
| 196|0x0000000718800000, 0x0000000718800000, 0x0000000718a00000|  0%| F|  |TAMS 0x0000000718800000, 0x0000000718800000| Untracked 
| 197|0x0000000718a00000, 0x0000000718a00000, 0x0000000718c00000|  0%| F|  |TAMS 0x0000000718a00000, 0x0000000718a00000| Untracked 
| 198|0x0000000718c00000, 0x0000000718c00000, 0x0000000718e00000|  0%| F|  |TAMS 0x0000000718c00000, 0x0000000718c00000| Untracked 
| 199|0x0000000718e00000, 0x0000000718e00000, 0x0000000719000000|  0%| F|  |TAMS 0x0000000718e00000, 0x0000000718e00000| Untracked 
| 200|0x0000000719000000, 0x0000000719000000, 0x0000000719200000|  0%| F|  |TAMS 0x0000000719000000, 0x0000000719000000| Untracked 
| 201|0x0000000719200000, 0x0000000719200000, 0x0000000719400000|  0%| F|  |TAMS 0x0000000719200000, 0x0000000719200000| Untracked 
| 202|0x0000000719400000, 0x0000000719400000, 0x0000000719600000|  0%| F|  |TAMS 0x0000000719400000, 0x0000000719400000| Untracked 
| 203|0x0000000719600000, 0x0000000719600000, 0x0000000719800000|  0%| F|  |TAMS 0x0000000719600000, 0x0000000719600000| Untracked 
| 204|0x0000000719800000, 0x0000000719800000, 0x0000000719a00000|  0%| F|  |TAMS 0x0000000719800000, 0x0000000719800000| Untracked 
| 205|0x0000000719a00000, 0x0000000719a00000, 0x0000000719c00000|  0%| F|  |TAMS 0x0000000719a00000, 0x0000000719a00000| Untracked 
| 206|0x0000000719c00000, 0x0000000719c00000, 0x0000000719e00000|  0%| F|  |TAMS 0x0000000719c00000, 0x0000000719c00000| Untracked 
| 207|0x0000000719e00000, 0x0000000719e00000, 0x000000071a000000|  0%| F|  |TAMS 0x0000000719e00000, 0x0000000719e00000| Untracked 
| 208|0x000000071a000000, 0x000000071a000000, 0x000000071a200000|  0%| F|  |TAMS 0x000000071a000000, 0x000000071a000000| Untracked 
| 209|0x000000071a200000, 0x000000071a200000, 0x000000071a400000|  0%| F|  |TAMS 0x000000071a200000, 0x000000071a200000| Untracked 
| 210|0x000000071a400000, 0x000000071a400000, 0x000000071a600000|  0%| F|  |TAMS 0x000000071a400000, 0x000000071a400000| Untracked 
| 211|0x000000071a600000, 0x000000071a600000, 0x000000071a800000|  0%| F|  |TAMS 0x000000071a600000, 0x000000071a600000| Untracked 
| 212|0x000000071a800000, 0x000000071a800000, 0x000000071aa00000|  0%| F|  |TAMS 0x000000071a800000, 0x000000071a800000| Untracked 
| 213|0x000000071aa00000, 0x000000071aa00000, 0x000000071ac00000|  0%| F|  |TAMS 0x000000071aa00000, 0x000000071aa00000| Untracked 
| 214|0x000000071ac00000, 0x000000071ac00000, 0x000000071ae00000|  0%| F|  |TAMS 0x000000071ac00000, 0x000000071ac00000| Untracked 
| 215|0x000000071ae00000, 0x000000071ae00000, 0x000000071b000000|  0%| F|  |TAMS 0x000000071ae00000, 0x000000071ae00000| Untracked 
| 216|0x000000071b000000, 0x000000071b000000, 0x000000071b200000|  0%| F|  |TAMS 0x000000071b000000, 0x000000071b000000| Untracked 
| 217|0x000000071b200000, 0x000000071b200000, 0x000000071b400000|  0%| F|  |TAMS 0x000000071b200000, 0x000000071b200000| Untracked 
| 218|0x000000071b400000, 0x000000071b400000, 0x000000071b600000|  0%| F|  |TAMS 0x000000071b400000, 0x000000071b400000| Untracked 
| 219|0x000000071b600000, 0x000000071b600000, 0x000000071b800000|  0%| F|  |TAMS 0x000000071b600000, 0x000000071b600000| Untracked 
| 220|0x000000071b800000, 0x000000071b800000, 0x000000071ba00000|  0%| F|  |TAMS 0x000000071b800000, 0x000000071b800000| Untracked 
| 221|0x000000071ba00000, 0x000000071ba00000, 0x000000071bc00000|  0%| F|  |TAMS 0x000000071ba00000, 0x000000071ba00000| Untracked 
| 222|0x000000071bc00000, 0x000000071bc00000, 0x000000071be00000|  0%| F|  |TAMS 0x000000071bc00000, 0x000000071bc00000| Untracked 
| 223|0x000000071be00000, 0x000000071be00000, 0x000000071c000000|  0%| F|  |TAMS 0x000000071be00000, 0x000000071be00000| Untracked 
| 224|0x000000071c000000, 0x000000071c000000, 0x000000071c200000|  0%| F|  |TAMS 0x000000071c000000, 0x000000071c000000| Untracked 
| 225|0x000000071c200000, 0x000000071c200000, 0x000000071c400000|  0%| F|  |TAMS 0x000000071c200000, 0x000000071c200000| Untracked 
| 226|0x000000071c400000, 0x000000071c400000, 0x000000071c600000|  0%| F|  |TAMS 0x000000071c400000, 0x000000071c400000| Untracked 
| 227|0x000000071c600000, 0x000000071c600000, 0x000000071c800000|  0%| F|  |TAMS 0x000000071c600000, 0x000000071c600000| Untracked 
| 228|0x000000071c800000, 0x000000071c800000, 0x000000071ca00000|  0%| F|  |TAMS 0x000000071c800000, 0x000000071c800000| Untracked 
| 229|0x000000071ca00000, 0x000000071ca00000, 0x000000071cc00000|  0%| F|  |TAMS 0x000000071ca00000, 0x000000071ca00000| Untracked 
| 230|0x000000071cc00000, 0x000000071cc00000, 0x000000071ce00000|  0%| F|  |TAMS 0x000000071cc00000, 0x000000071cc00000| Untracked 
| 231|0x000000071ce00000, 0x000000071ce00000, 0x000000071d000000|  0%| F|  |TAMS 0x000000071ce00000, 0x000000071ce00000| Untracked 
| 232|0x000000071d000000, 0x000000071d000000, 0x000000071d200000|  0%| F|  |TAMS 0x000000071d000000, 0x000000071d000000| Untracked 
| 233|0x000000071d200000, 0x000000071d200000, 0x000000071d400000|  0%| F|  |TAMS 0x000000071d200000, 0x000000071d200000| Untracked 
| 234|0x000000071d400000, 0x000000071d400000, 0x000000071d600000|  0%| F|  |TAMS 0x000000071d400000, 0x000000071d400000| Untracked 
| 235|0x000000071d600000, 0x000000071d600000, 0x000000071d800000|  0%| F|  |TAMS 0x000000071d600000, 0x000000071d600000| Untracked 
| 236|0x000000071d800000, 0x000000071d800000, 0x000000071da00000|  0%| F|  |TAMS 0x000000071d800000, 0x000000071d800000| Untracked 
| 237|0x000000071da00000, 0x000000071da00000, 0x000000071dc00000|  0%| F|  |TAMS 0x000000071da00000, 0x000000071da00000| Untracked 
| 238|0x000000071dc00000, 0x000000071dc00000, 0x000000071de00000|  0%| F|  |TAMS 0x000000071dc00000, 0x000000071dc00000| Untracked 
| 239|0x000000071de00000, 0x000000071de00000, 0x000000071e000000|  0%| F|  |TAMS 0x000000071de00000, 0x000000071de00000| Untracked 
| 240|0x000000071e000000, 0x000000071e000000, 0x000000071e200000|  0%| F|  |TAMS 0x000000071e000000, 0x000000071e000000| Untracked 
| 241|0x000000071e200000, 0x000000071e200000, 0x000000071e400000|  0%| F|  |TAMS 0x000000071e200000, 0x000000071e200000| Untracked 
| 242|0x000000071e400000, 0x000000071e400000, 0x000000071e600000|  0%| F|  |TAMS 0x000000071e400000, 0x000000071e400000| Untracked 
| 243|0x000000071e600000, 0x000000071e600000, 0x000000071e800000|  0%| F|  |TAMS 0x000000071e600000, 0x000000071e600000| Untracked 
| 244|0x000000071e800000, 0x000000071e800000, 0x000000071ea00000|  0%| F|  |TAMS 0x000000071e800000, 0x000000071e800000| Untracked 
| 245|0x000000071ea00000, 0x000000071ea00000, 0x000000071ec00000|  0%| F|  |TAMS 0x000000071ea00000, 0x000000071ea00000| Untracked 
| 246|0x000000071ec00000, 0x000000071ec00000, 0x000000071ee00000|  0%| F|  |TAMS 0x000000071ec00000, 0x000000071ec00000| Untracked 
| 247|0x000000071ee00000, 0x000000071ee00000, 0x000000071f000000|  0%| F|  |TAMS 0x000000071ee00000, 0x000000071ee00000| Untracked 
| 248|0x000000071f000000, 0x000000071f000000, 0x000000071f200000|  0%| F|  |TAMS 0x000000071f000000, 0x000000071f000000| Untracked 
| 249|0x000000071f200000, 0x000000071f200000, 0x000000071f400000|  0%| F|  |TAMS 0x000000071f200000, 0x000000071f200000| Untracked 
| 250|0x000000071f400000, 0x000000071f400000, 0x000000071f600000|  0%| F|  |TAMS 0x000000071f400000, 0x000000071f400000| Untracked 
| 251|0x000000071f600000, 0x000000071f600000, 0x000000071f800000|  0%| F|  |TAMS 0x000000071f600000, 0x000000071f600000| Untracked 
| 252|0x000000071f800000, 0x000000071f800000, 0x000000071fa00000|  0%| F|  |TAMS 0x000000071f800000, 0x000000071f800000| Untracked 
| 253|0x000000071fa00000, 0x000000071fa00000, 0x000000071fc00000|  0%| F|  |TAMS 0x000000071fa00000, 0x000000071fa00000| Untracked 
| 254|0x000000071fc00000, 0x000000071fc00000, 0x000000071fe00000|  0%| F|  |TAMS 0x000000071fc00000, 0x000000071fc00000| Untracked 
| 255|0x000000071fe00000, 0x000000071fe00000, 0x0000000720000000|  0%| F|  |TAMS 0x000000071fe00000, 0x000000071fe00000| Untracked 
| 256|0x0000000720000000, 0x0000000720000000, 0x0000000720200000|  0%| F|  |TAMS 0x0000000720000000, 0x0000000720000000| Untracked 
| 257|0x0000000720200000, 0x0000000720200000, 0x0000000720400000|  0%| F|  |TAMS 0x0000000720200000, 0x0000000720200000| Untracked 
| 258|0x0000000720400000, 0x0000000720400000, 0x0000000720600000|  0%| F|  |TAMS 0x0000000720400000, 0x0000000720400000| Untracked 
| 259|0x0000000720600000, 0x0000000720600000, 0x0000000720800000|  0%| F|  |TAMS 0x0000000720600000, 0x0000000720600000| Untracked 
| 260|0x0000000720800000, 0x0000000720800000, 0x0000000720a00000|  0%| F|  |TAMS 0x0000000720800000, 0x0000000720800000| Untracked 
| 261|0x0000000720a00000, 0x0000000720a00000, 0x0000000720c00000|  0%| F|  |TAMS 0x0000000720a00000, 0x0000000720a00000| Untracked 
| 262|0x0000000720c00000, 0x0000000720c00000, 0x0000000720e00000|  0%| F|  |TAMS 0x0000000720c00000, 0x0000000720c00000| Untracked 
| 263|0x0000000720e00000, 0x0000000720e00000, 0x0000000721000000|  0%| F|  |TAMS 0x0000000720e00000, 0x0000000720e00000| Untracked 
| 264|0x0000000721000000, 0x0000000721000000, 0x0000000721200000|  0%| F|  |TAMS 0x0000000721000000, 0x0000000721000000| Untracked 
| 265|0x0000000721200000, 0x0000000721200000, 0x0000000721400000|  0%| F|  |TAMS 0x0000000721200000, 0x0000000721200000| Untracked 
| 266|0x0000000721400000, 0x0000000721400000, 0x0000000721600000|  0%| F|  |TAMS 0x0000000721400000, 0x0000000721400000| Untracked 
| 267|0x0000000721600000, 0x0000000721600000, 0x0000000721800000|  0%| F|  |TAMS 0x0000000721600000, 0x0000000721600000| Untracked 
| 268|0x0000000721800000, 0x0000000721800000, 0x0000000721a00000|  0%| F|  |TAMS 0x0000000721800000, 0x0000000721800000| Untracked 
| 269|0x0000000721a00000, 0x0000000721a00000, 0x0000000721c00000|  0%| F|  |TAMS 0x0000000721a00000, 0x0000000721a00000| Untracked 
| 270|0x0000000721c00000, 0x0000000721c00000, 0x0000000721e00000|  0%| F|  |TAMS 0x0000000721c00000, 0x0000000721c00000| Untracked 
| 271|0x0000000721e00000, 0x0000000721e00000, 0x0000000722000000|  0%| F|  |TAMS 0x0000000721e00000, 0x0000000721e00000| Untracked 
| 272|0x0000000722000000, 0x0000000722000000, 0x0000000722200000|  0%| F|  |TAMS 0x0000000722000000, 0x0000000722000000| Untracked 
| 273|0x0000000722200000, 0x0000000722200000, 0x0000000722400000|  0%| F|  |TAMS 0x0000000722200000, 0x0000000722200000| Untracked 
| 274|0x0000000722400000, 0x0000000722400000, 0x0000000722600000|  0%| F|  |TAMS 0x0000000722400000, 0x0000000722400000| Untracked 
| 275|0x0000000722600000, 0x0000000722600000, 0x0000000722800000|  0%| F|  |TAMS 0x0000000722600000, 0x0000000722600000| Untracked 
| 276|0x0000000722800000, 0x0000000722800000, 0x0000000722a00000|  0%| F|  |TAMS 0x0000000722800000, 0x0000000722800000| Untracked 
| 277|0x0000000722a00000, 0x0000000722a00000, 0x0000000722c00000|  0%| F|  |TAMS 0x0000000722a00000, 0x0000000722a00000| Untracked 
| 278|0x0000000722c00000, 0x0000000722c00000, 0x0000000722e00000|  0%| F|  |TAMS 0x0000000722c00000, 0x0000000722c00000| Untracked 
| 279|0x0000000722e00000, 0x0000000722e00000, 0x0000000723000000|  0%| F|  |TAMS 0x0000000722e00000, 0x0000000722e00000| Untracked 
| 280|0x0000000723000000, 0x0000000723000000, 0x0000000723200000|  0%| F|  |TAMS 0x0000000723000000, 0x0000000723000000| Untracked 
| 281|0x0000000723200000, 0x0000000723200000, 0x0000000723400000|  0%| F|  |TAMS 0x0000000723200000, 0x0000000723200000| Untracked 
| 282|0x0000000723400000, 0x0000000723400000, 0x0000000723600000|  0%| F|  |TAMS 0x0000000723400000, 0x0000000723400000| Untracked 
| 283|0x0000000723600000, 0x0000000723600000, 0x0000000723800000|  0%| F|  |TAMS 0x0000000723600000, 0x0000000723600000| Untracked 
| 284|0x0000000723800000, 0x0000000723800000, 0x0000000723a00000|  0%| F|  |TAMS 0x0000000723800000, 0x0000000723800000| Untracked 
| 285|0x0000000723a00000, 0x0000000723a00000, 0x0000000723c00000|  0%| F|  |TAMS 0x0000000723a00000, 0x0000000723a00000| Untracked 
| 286|0x0000000723c00000, 0x0000000723c00000, 0x0000000723e00000|  0%| F|  |TAMS 0x0000000723c00000, 0x0000000723c00000| Untracked 
| 287|0x0000000723e00000, 0x0000000723e00000, 0x0000000724000000|  0%| F|  |TAMS 0x0000000723e00000, 0x0000000723e00000| Untracked 
| 288|0x0000000724000000, 0x0000000724000000, 0x0000000724200000|  0%| F|  |TAMS 0x0000000724000000, 0x0000000724000000| Untracked 
| 289|0x0000000724200000, 0x0000000724200000, 0x0000000724400000|  0%| F|  |TAMS 0x0000000724200000, 0x0000000724200000| Untracked 
| 290|0x0000000724400000, 0x0000000724400000, 0x0000000724600000|  0%| F|  |TAMS 0x0000000724400000, 0x0000000724400000| Untracked 
| 291|0x0000000724600000, 0x0000000724600000, 0x0000000724800000|  0%| F|  |TAMS 0x0000000724600000, 0x0000000724600000| Untracked 
| 292|0x0000000724800000, 0x0000000724800000, 0x0000000724a00000|  0%| F|  |TAMS 0x0000000724800000, 0x0000000724800000| Untracked 
| 293|0x0000000724a00000, 0x0000000724a00000, 0x0000000724c00000|  0%| F|  |TAMS 0x0000000724a00000, 0x0000000724a00000| Untracked 
| 294|0x0000000724c00000, 0x0000000724c00000, 0x0000000724e00000|  0%| F|  |TAMS 0x0000000724c00000, 0x0000000724c00000| Untracked 
| 295|0x0000000724e00000, 0x0000000724e00000, 0x0000000725000000|  0%| F|  |TAMS 0x0000000724e00000, 0x0000000724e00000| Untracked 
| 296|0x0000000725000000, 0x0000000725000000, 0x0000000725200000|  0%| F|  |TAMS 0x0000000725000000, 0x0000000725000000| Untracked 
| 297|0x0000000725200000, 0x0000000725200000, 0x0000000725400000|  0%| F|  |TAMS 0x0000000725200000, 0x0000000725200000| Untracked 
| 298|0x0000000725400000, 0x0000000725400000, 0x0000000725600000|  0%| F|  |TAMS 0x0000000725400000, 0x0000000725400000| Untracked 
| 299|0x0000000725600000, 0x0000000725600000, 0x0000000725800000|  0%| F|  |TAMS 0x0000000725600000, 0x0000000725600000| Untracked 
| 300|0x0000000725800000, 0x0000000725800000, 0x0000000725a00000|  0%| F|  |TAMS 0x0000000725800000, 0x0000000725800000| Untracked 
| 301|0x0000000725a00000, 0x0000000725a00000, 0x0000000725c00000|  0%| F|  |TAMS 0x0000000725a00000, 0x0000000725a00000| Untracked 
| 302|0x0000000725c00000, 0x0000000725c00000, 0x0000000725e00000|  0%| F|  |TAMS 0x0000000725c00000, 0x0000000725c00000| Untracked 
| 303|0x0000000725e00000, 0x0000000725e00000, 0x0000000726000000|  0%| F|  |TAMS 0x0000000725e00000, 0x0000000725e00000| Untracked 
| 304|0x0000000726000000, 0x0000000726000000, 0x0000000726200000|  0%| F|  |TAMS 0x0000000726000000, 0x0000000726000000| Untracked 
| 305|0x0000000726200000, 0x0000000726200000, 0x0000000726400000|  0%| F|  |TAMS 0x0000000726200000, 0x0000000726200000| Untracked 
| 306|0x0000000726400000, 0x0000000726400000, 0x0000000726600000|  0%| F|  |TAMS 0x0000000726400000, 0x0000000726400000| Untracked 
| 307|0x0000000726600000, 0x0000000726600000, 0x0000000726800000|  0%| F|  |TAMS 0x0000000726600000, 0x0000000726600000| Untracked 
| 308|0x0000000726800000, 0x0000000726800000, 0x0000000726a00000|  0%| F|  |TAMS 0x0000000726800000, 0x0000000726800000| Untracked 
| 309|0x0000000726a00000, 0x0000000726a00000, 0x0000000726c00000|  0%| F|  |TAMS 0x0000000726a00000, 0x0000000726a00000| Untracked 
| 310|0x0000000726c00000, 0x0000000726c00000, 0x0000000726e00000|  0%| F|  |TAMS 0x0000000726c00000, 0x0000000726c00000| Untracked 
| 311|0x0000000726e00000, 0x0000000726e00000, 0x0000000727000000|  0%| F|  |TAMS 0x0000000726e00000, 0x0000000726e00000| Untracked 
| 312|0x0000000727000000, 0x0000000727000000, 0x0000000727200000|  0%| F|  |TAMS 0x0000000727000000, 0x0000000727000000| Untracked 
| 313|0x0000000727200000, 0x0000000727200000, 0x0000000727400000|  0%| F|  |TAMS 0x0000000727200000, 0x0000000727200000| Untracked 
| 314|0x0000000727400000, 0x0000000727400000, 0x0000000727600000|  0%| F|  |TAMS 0x0000000727400000, 0x0000000727400000| Untracked 
| 315|0x0000000727600000, 0x0000000727600000, 0x0000000727800000|  0%| F|  |TAMS 0x0000000727600000, 0x0000000727600000| Untracked 
| 316|0x0000000727800000, 0x0000000727800000, 0x0000000727a00000|  0%| F|  |TAMS 0x0000000727800000, 0x0000000727800000| Untracked 
| 317|0x0000000727a00000, 0x0000000727a00000, 0x0000000727c00000|  0%| F|  |TAMS 0x0000000727a00000, 0x0000000727a00000| Untracked 
| 318|0x0000000727c00000, 0x0000000727c00000, 0x0000000727e00000|  0%| F|  |TAMS 0x0000000727c00000, 0x0000000727c00000| Untracked 
| 319|0x0000000727e00000, 0x0000000727e00000, 0x0000000728000000|  0%| F|  |TAMS 0x0000000727e00000, 0x0000000727e00000| Untracked 
| 320|0x0000000728000000, 0x0000000728000000, 0x0000000728200000|  0%| F|  |TAMS 0x0000000728000000, 0x0000000728000000| Untracked 
| 321|0x0000000728200000, 0x0000000728200000, 0x0000000728400000|  0%| F|  |TAMS 0x0000000728200000, 0x0000000728200000| Untracked 
| 322|0x0000000728400000, 0x0000000728400000, 0x0000000728600000|  0%| F|  |TAMS 0x0000000728400000, 0x0000000728400000| Untracked 
| 323|0x0000000728600000, 0x0000000728600000, 0x0000000728800000|  0%| F|  |TAMS 0x0000000728600000, 0x0000000728600000| Untracked 
| 324|0x0000000728800000, 0x0000000728800000, 0x0000000728a00000|  0%| F|  |TAMS 0x0000000728800000, 0x0000000728800000| Untracked 
| 325|0x0000000728a00000, 0x0000000728a00000, 0x0000000728c00000|  0%| F|  |TAMS 0x0000000728a00000, 0x0000000728a00000| Untracked 
| 326|0x0000000728c00000, 0x0000000728c00000, 0x0000000728e00000|  0%| F|  |TAMS 0x0000000728c00000, 0x0000000728c00000| Untracked 
| 327|0x0000000728e00000, 0x0000000728e00000, 0x0000000729000000|  0%| F|  |TAMS 0x0000000728e00000, 0x0000000728e00000| Untracked 
| 328|0x0000000729000000, 0x0000000729000000, 0x0000000729200000|  0%| F|  |TAMS 0x0000000729000000, 0x0000000729000000| Untracked 
| 329|0x0000000729200000, 0x0000000729200000, 0x0000000729400000|  0%| F|  |TAMS 0x0000000729200000, 0x0000000729200000| Untracked 
| 330|0x0000000729400000, 0x0000000729400000, 0x0000000729600000|  0%| F|  |TAMS 0x0000000729400000, 0x0000000729400000| Untracked 
| 331|0x0000000729600000, 0x0000000729600000, 0x0000000729800000|  0%| F|  |TAMS 0x0000000729600000, 0x0000000729600000| Untracked 
| 332|0x0000000729800000, 0x0000000729800000, 0x0000000729a00000|  0%| F|  |TAMS 0x0000000729800000, 0x0000000729800000| Untracked 
| 333|0x0000000729a00000, 0x0000000729a00000, 0x0000000729c00000|  0%| F|  |TAMS 0x0000000729a00000, 0x0000000729a00000| Untracked 
| 334|0x0000000729c00000, 0x0000000729c00000, 0x0000000729e00000|  0%| F|  |TAMS 0x0000000729c00000, 0x0000000729c00000| Untracked 
| 335|0x0000000729e00000, 0x0000000729e00000, 0x000000072a000000|  0%| F|  |TAMS 0x0000000729e00000, 0x0000000729e00000| Untracked 
| 336|0x000000072a000000, 0x000000072a000000, 0x000000072a200000|  0%| F|  |TAMS 0x000000072a000000, 0x000000072a000000| Untracked 
| 337|0x000000072a200000, 0x000000072a200000, 0x000000072a400000|  0%| F|  |TAMS 0x000000072a200000, 0x000000072a200000| Untracked 
| 338|0x000000072a400000, 0x000000072a400000, 0x000000072a600000|  0%| F|  |TAMS 0x000000072a400000, 0x000000072a400000| Untracked 
| 339|0x000000072a600000, 0x000000072a600000, 0x000000072a800000|  0%| F|  |TAMS 0x000000072a600000, 0x000000072a600000| Untracked 
| 340|0x000000072a800000, 0x000000072a800000, 0x000000072aa00000|  0%| F|  |TAMS 0x000000072a800000, 0x000000072a800000| Untracked 
| 341|0x000000072aa00000, 0x000000072aa00000, 0x000000072ac00000|  0%| F|  |TAMS 0x000000072aa00000, 0x000000072aa00000| Untracked 
| 342|0x000000072ac00000, 0x000000072ac00000, 0x000000072ae00000|  0%| F|  |TAMS 0x000000072ac00000, 0x000000072ac00000| Untracked 
| 343|0x000000072ae00000, 0x000000072ae00000, 0x000000072b000000|  0%| F|  |TAMS 0x000000072ae00000, 0x000000072ae00000| Untracked 
| 344|0x000000072b000000, 0x000000072b000000, 0x000000072b200000|  0%| F|  |TAMS 0x000000072b000000, 0x000000072b000000| Untracked 
| 345|0x000000072b200000, 0x000000072b200000, 0x000000072b400000|  0%| F|  |TAMS 0x000000072b200000, 0x000000072b200000| Untracked 
| 346|0x000000072b400000, 0x000000072b400000, 0x000000072b600000|  0%| F|  |TAMS 0x000000072b400000, 0x000000072b400000| Untracked 
| 347|0x000000072b600000, 0x000000072b600000, 0x000000072b800000|  0%| F|  |TAMS 0x000000072b600000, 0x000000072b600000| Untracked 
| 348|0x000000072b800000, 0x000000072b800000, 0x000000072ba00000|  0%| F|  |TAMS 0x000000072b800000, 0x000000072b800000| Untracked 
| 349|0x000000072ba00000, 0x000000072ba00000, 0x000000072bc00000|  0%| F|  |TAMS 0x000000072ba00000, 0x000000072ba00000| Untracked 
| 350|0x000000072bc00000, 0x000000072bc00000, 0x000000072be00000|  0%| F|  |TAMS 0x000000072bc00000, 0x000000072bc00000| Untracked 
| 351|0x000000072be00000, 0x000000072be00000, 0x000000072c000000|  0%| F|  |TAMS 0x000000072be00000, 0x000000072be00000| Untracked 
| 352|0x000000072c000000, 0x000000072c000000, 0x000000072c200000|  0%| F|  |TAMS 0x000000072c000000, 0x000000072c000000| Untracked 
| 353|0x000000072c200000, 0x000000072c200000, 0x000000072c400000|  0%| F|  |TAMS 0x000000072c200000, 0x000000072c200000| Untracked 
| 354|0x000000072c400000, 0x000000072c400000, 0x000000072c600000|  0%| F|  |TAMS 0x000000072c400000, 0x000000072c400000| Untracked 
| 355|0x000000072c600000, 0x000000072c600000, 0x000000072c800000|  0%| F|  |TAMS 0x000000072c600000, 0x000000072c600000| Untracked 
| 356|0x000000072c800000, 0x000000072c800000, 0x000000072ca00000|  0%| F|  |TAMS 0x000000072c800000, 0x000000072c800000| Untracked 
| 357|0x000000072ca00000, 0x000000072ca00000, 0x000000072cc00000|  0%| F|  |TAMS 0x000000072ca00000, 0x000000072ca00000| Untracked 
| 358|0x000000072cc00000, 0x000000072cc00000, 0x000000072ce00000|  0%| F|  |TAMS 0x000000072cc00000, 0x000000072cc00000| Untracked 
| 359|0x000000072ce00000, 0x000000072ce00000, 0x000000072d000000|  0%| F|  |TAMS 0x000000072ce00000, 0x000000072ce00000| Untracked 
| 360|0x000000072d000000, 0x000000072d000000, 0x000000072d200000|  0%| F|  |TAMS 0x000000072d000000, 0x000000072d000000| Untracked 
| 361|0x000000072d200000, 0x000000072d200000, 0x000000072d400000|  0%| F|  |TAMS 0x000000072d200000, 0x000000072d200000| Untracked 
| 362|0x000000072d400000, 0x000000072d400000, 0x000000072d600000|  0%| F|  |TAMS 0x000000072d400000, 0x000000072d400000| Untracked 
| 363|0x000000072d600000, 0x000000072d600000, 0x000000072d800000|  0%| F|  |TAMS 0x000000072d600000, 0x000000072d600000| Untracked 
| 364|0x000000072d800000, 0x000000072d800000, 0x000000072da00000|  0%| F|  |TAMS 0x000000072d800000, 0x000000072d800000| Untracked 
| 365|0x000000072da00000, 0x000000072da00000, 0x000000072dc00000|  0%| F|  |TAMS 0x000000072da00000, 0x000000072da00000| Untracked 
| 366|0x000000072dc00000, 0x000000072dc00000, 0x000000072de00000|  0%| F|  |TAMS 0x000000072dc00000, 0x000000072dc00000| Untracked 
| 367|0x000000072de00000, 0x000000072de00000, 0x000000072e000000|  0%| F|  |TAMS 0x000000072de00000, 0x000000072de00000| Untracked 
| 368|0x000000072e000000, 0x000000072e000000, 0x000000072e200000|  0%| F|  |TAMS 0x000000072e000000, 0x000000072e000000| Untracked 
| 369|0x000000072e200000, 0x000000072e200000, 0x000000072e400000|  0%| F|  |TAMS 0x000000072e200000, 0x000000072e200000| Untracked 
| 370|0x000000072e400000, 0x000000072e400000, 0x000000072e600000|  0%| F|  |TAMS 0x000000072e400000, 0x000000072e400000| Untracked 
| 371|0x000000072e600000, 0x000000072e600000, 0x000000072e800000|  0%| F|  |TAMS 0x000000072e600000, 0x000000072e600000| Untracked 
| 372|0x000000072e800000, 0x000000072e800000, 0x000000072ea00000|  0%| F|  |TAMS 0x000000072e800000, 0x000000072e800000| Untracked 
| 373|0x000000072ea00000, 0x000000072ea00000, 0x000000072ec00000|  0%| F|  |TAMS 0x000000072ea00000, 0x000000072ea00000| Untracked 
| 374|0x000000072ec00000, 0x000000072ec00000, 0x000000072ee00000|  0%| F|  |TAMS 0x000000072ec00000, 0x000000072ec00000| Untracked 
| 375|0x000000072ee00000, 0x000000072ee00000, 0x000000072f000000|  0%| F|  |TAMS 0x000000072ee00000, 0x000000072ee00000| Untracked 
| 376|0x000000072f000000, 0x000000072f000000, 0x000000072f200000|  0%| F|  |TAMS 0x000000072f000000, 0x000000072f000000| Untracked 
| 377|0x000000072f200000, 0x000000072f200000, 0x000000072f400000|  0%| F|  |TAMS 0x000000072f200000, 0x000000072f200000| Untracked 
| 378|0x000000072f400000, 0x000000072f400000, 0x000000072f600000|  0%| F|  |TAMS 0x000000072f400000, 0x000000072f400000| Untracked 
| 379|0x000000072f600000, 0x000000072f600000, 0x000000072f800000|  0%| F|  |TAMS 0x000000072f600000, 0x000000072f600000| Untracked 
| 380|0x000000072f800000, 0x000000072f800000, 0x000000072fa00000|  0%| F|  |TAMS 0x000000072f800000, 0x000000072f800000| Untracked 
| 381|0x000000072fa00000, 0x000000072fa00000, 0x000000072fc00000|  0%| F|  |TAMS 0x000000072fa00000, 0x000000072fa00000| Untracked 
| 382|0x000000072fc00000, 0x000000072fc00000, 0x000000072fe00000|  0%| F|  |TAMS 0x000000072fc00000, 0x000000072fc00000| Untracked 
| 383|0x000000072fe00000, 0x000000072fe00000, 0x0000000730000000|  0%| F|  |TAMS 0x000000072fe00000, 0x000000072fe00000| Untracked 
| 384|0x0000000730000000, 0x0000000730000000, 0x0000000730200000|  0%| F|  |TAMS 0x0000000730000000, 0x0000000730000000| Untracked 
| 385|0x0000000730200000, 0x0000000730200000, 0x0000000730400000|  0%| F|  |TAMS 0x0000000730200000, 0x0000000730200000| Untracked 

Card table byte_map: [0x0000021f00800000,0x0000021f01000000] _byte_map_base: 0x0000021efd000000

Marking Bits (Prev, Next): (CMBitMap*) 0x0000021f68c02d30, (CMBitMap*) 0x0000021f68c02d70
 Prev Bits: [0x0000021f01800000, 0x0000021f05800000)
 Next Bits: [0x0000021f05800000, 0x0000021f09800000)

Polling page: 0x0000021f66b00000

Metaspace:

Usage:
  Non-class:     13.51 MB used.
      Class:      1.46 MB used.
       Both:     14.97 MB used.

Virtual space:
  Non-class space:       64.00 MB reserved,      13.62 MB ( 21%) committed,  1 nodes.
      Class space:        1.00 GB reserved,       1.56 MB ( <1%) committed,  1 nodes.
             Both:        1.06 GB reserved,      15.19 MB (  1%) committed. 

Chunk freelists:
   Non-Class:  1.89 MB
       Class:  2.47 MB
        Both:  4.36 MB

MaxMetaspaceSize: unlimited
CompressedClassSpaceSize: 1.00 GB
Initial GC threshold: 21.00 MB
Current GC threshold: 21.00 MB
CDS: on
MetaspaceReclaimPolicy: balanced
 - commit_granule_bytes: 65536.
 - commit_granule_words: 8192.
 - virtual_space_node_default_size: 8388608.
 - enlarge_chunks_in_place: 1.
 - new_chunks_are_fully_committed: 0.
 - uncommit_free_chunks: 1.
 - use_allocation_guard: 0.


Internal statistics:

num_allocs_failed_limit: 0.
num_arena_births: 150.
num_arena_deaths: 0.
num_vsnodes_births: 2.
num_vsnodes_deaths: 0.
num_space_committed: 242.
num_space_uncommitted: 0.
num_chunks_returned_to_freelist: 0.
num_chunks_taken_from_freelist: 277.
num_chunk_merges: 0.
num_chunk_splits: 175.
num_chunks_enlarged: 115.
num_inconsistent_stats: 0.

CodeHeap 'non-profiled nmethods': size=120000Kb used=1917Kb max_used=1917Kb free=118082Kb
 bounds [0x0000021f785c0000, 0x0000021f78830000, 0x0000021f7faf0000]
CodeHeap 'profiled nmethods': size=120000Kb used=8349Kb max_used=8349Kb free=111651Kb
 bounds [0x0000021f70af0000, 0x0000021f71320000, 0x0000021f78020000]
CodeHeap 'non-nmethods': size=5760Kb used=1463Kb max_used=1558Kb free=4296Kb
 bounds [0x0000021f78020000, 0x0000021f78290000, 0x0000021f785c0000]
 total_blobs=4115 nmethods=3385 adapters=640
 compilation: enabled
              stopped_count=0, restarted_count=0
 full_count=0

Compilation events (20 events):
Event: 15.723 Thread 0x0000021f0c10e0e0 3363       3       trade.ABalRows::<init> (12 bytes)
Event: 15.724 Thread 0x0000021f0c10e0e0 nmethod 3363 0x0000021f7130cc90 code [0x0000021f7130ce40, 0x0000021f7130cf88]
Event: 15.724 Thread 0x0000021f0c10e0e0 3369       1       trade.Econ::getPors (5 bytes)
Event: 15.724 Thread 0x0000021f0c10e0e0 nmethod 3369 0x0000021f7879c510 code [0x0000021f7879c6a0, 0x0000021f7879c778]
Event: 15.726 Thread 0x0000021f0c10e0e0 3389       3       trade.A10Row::setAmultF (159 bytes)
Event: 15.727 Thread 0x0000021f0c10e0e0 nmethod 3389 0x0000021f7130d090 code [0x0000021f7130d2e0, 0x0000021f7130dc28]
Event: 15.733 Thread 0x0000021f0c10e0e0 3390       3       trade.A2Row::curMinIx (6 bytes)
Event: 15.733 Thread 0x0000021f0c10e0e0 nmethod 3390 0x0000021f7130e090 code [0x0000021f7130e240, 0x0000021f7130e428]
Event: 15.734 Thread 0x0000021f0c10e0e0 3391       3       trade.A2Row::newCopy (174 bytes)
Event: 15.736 Thread 0x0000021f0c10e0e0 nmethod 3391 0x0000021f7130e590 code [0x0000021f7130e7c0, 0x0000021f7130f148]
Event: 15.737 Thread 0x0000021f0c10e0e0 3392       3       java.lang.Math::min (45 bytes)
Event: 15.738 Thread 0x0000021f0c10e0e0 nmethod 3392 0x0000021f7130f610 code [0x0000021f7130f7c0, 0x0000021f7130fb18]
Event: 15.739 Thread 0x0000021f0c10e0e0 3393       3       java.lang.StackTraceElement::of (30 bytes)
Event: 15.740 Thread 0x0000021f0c10e0e0 nmethod 3393 0x0000021f7130fb90 code [0x0000021f7130fd40, 0x0000021f7130ff48]
Event: 15.742 Thread 0x0000021f0c10cfd0 nmethod 3383% 0x0000021f7879c810 code [0x0000021f7879cac0, 0x0000021f7879dea0]
Event: 15.742 Thread 0x0000021f0c10e0e0 3394       3       trade.A6Row::checkBalances (638 bytes)
Event: 15.742 Thread 0x0000021f0c10cfd0 3384 %     4       trade.ABalRows::copyValues @ 70 (119 bytes)
Event: 15.747 Thread 0x0000021f0c10e0e0 nmethod 3394 0x0000021f71310090 code [0x0000021f71310800, 0x0000021f71315838]
Event: 15.748 Thread 0x0000021f0c10cfd0 nmethod 3384% 0x0000021f7879ed10 code [0x0000021f7879eec0, 0x0000021f7879f218]
Event: 15.748 Thread 0x0000021f0c10cfd0 3396       4       trade.A6Rowa::setAmultV1 (112 bytes)

GC Heap History (20 events):
Event: 12.298 GC heap after
{Heap after GC invocations=10 (full 0):
 garbage-first heap   total 212992K, used 54610K [0x0000000700000000, 0x0000000800000000)
  region size 2048K, 8 young (16384K), 8 survivors (16384K)
 Metaspace       used 14975K, committed 15232K, reserved 1114112K
  class space    used 1492K, committed 1600K, reserved 1048576K
}
Event: 12.428 GC heap before
{Heap before GC invocations=10 (full 0):
 garbage-first heap   total 212992K, used 165202K [0x0000000700000000, 0x0000000800000000)
  region size 2048K, 62 young (126976K), 8 survivors (16384K)
 Metaspace       used 14986K, committed 15232K, reserved 1114112K
  class space    used 1492K, committed 1600K, reserved 1048576K
}
Event: 12.439 GC heap after
{Heap after GC invocations=11 (full 0):
 garbage-first heap   total 212992K, used 61629K [0x0000000700000000, 0x0000000800000000)
  region size 2048K, 8 young (16384K), 8 survivors (16384K)
 Metaspace       used 14986K, committed 15232K, reserved 1114112K
  class space    used 1492K, committed 1600K, reserved 1048576K
}
Event: 12.537 GC heap before
{Heap before GC invocations=11 (full 0):
 garbage-first heap   total 212992K, used 168125K [0x0000000700000000, 0x0000000800000000)
  region size 2048K, 60 young (122880K), 8 survivors (16384K)
 Metaspace       used 15022K, committed 15232K, reserved 1114112K
  class space    used 1492K, committed 1600K, reserved 1048576K
}
Event: 12.551 GC heap after
{Heap after GC invocations=12 (full 0):
 garbage-first heap   total 395264K, used 67878K [0x0000000700000000, 0x0000000800000000)
  region size 2048K, 7 young (14336K), 7 survivors (14336K)
 Metaspace       used 15022K, committed 15232K, reserved 1114112K
  class space    used 1492K, committed 1600K, reserved 1048576K
}
Event: 12.910 GC heap before
{Heap before GC invocations=12 (full 0):
 garbage-first heap   total 395264K, used 289062K [0x0000000700000000, 0x0000000800000000)
  region size 2048K, 115 young (235520K), 7 survivors (14336K)
 Metaspace       used 15088K, committed 15296K, reserved 1114112K
  class space    used 1492K, committed 1600K, reserved 1048576K
}
Event: 12.928 GC heap after
{Heap after GC invocations=13 (full 0):
 garbage-first heap   total 395264K, used 80057K [0x0000000700000000, 0x0000000800000000)
  region size 2048K, 13 young (26624K), 13 survivors (26624K)
 Metaspace       used 15088K, committed 15296K, reserved 1114112K
  class space    used 1492K, committed 1600K, reserved 1048576K
}
Event: 13.107 GC heap before
{Heap before GC invocations=13 (full 0):
 garbage-first heap   total 395264K, used 288953K [0x0000000700000000, 0x0000000800000000)
  region size 2048K, 115 young (235520K), 13 survivors (26624K)
 Metaspace       used 15140K, committed 15360K, reserved 1114112K
  class space    used 1492K, committed 1600K, reserved 1048576K
}
Event: 13.128 GC heap after
{Heap after GC invocations=14 (full 0):
 garbage-first heap   total 395264K, used 92683K [0x0000000700000000, 0x0000000800000000)
  region size 2048K, 13 young (26624K), 13 survivors (26624K)
 Metaspace       used 15140K, committed 15360K, reserved 1114112K
  class space    used 1492K, committed 1600K, reserved 1048576K
}
Event: 13.311 GC heap before
{Heap before GC invocations=14 (full 0):
 garbage-first heap   total 395264K, used 301579K [0x0000000700000000, 0x0000000800000000)
  region size 2048K, 115 young (235520K), 13 survivors (26624K)
 Metaspace       used 15145K, committed 15360K, reserved 1114112K
  class space    used 1492K, committed 1600K, reserved 1048576K
}
Event: 13.330 GC heap after
{Heap after GC invocations=15 (full 0):
 garbage-first heap   total 395264K, used 105786K [0x0000000700000000, 0x0000000800000000)
  region size 2048K, 14 young (28672K), 14 survivors (28672K)
 Metaspace       used 15145K, committed 15360K, reserved 1114112K
  class space    used 1492K, committed 1600K, reserved 1048576K
}
Event: 13.509 GC heap before
{Heap before GC invocations=15 (full 0):
 garbage-first heap   total 395264K, used 312634K [0x0000000700000000, 0x0000000800000000)
  region size 2048K, 115 young (235520K), 14 survivors (28672K)
 Metaspace       used 15173K, committed 15424K, reserved 1114112K
  class space    used 1493K, committed 1600K, reserved 1048576K
}
Event: 13.531 GC heap after
{Heap after GC invocations=16 (full 0):
 garbage-first heap   total 790528K, used 119995K [0x0000000700000000, 0x0000000800000000)
  region size 2048K, 14 young (28672K), 14 survivors (28672K)
 Metaspace       used 15173K, committed 15424K, reserved 1114112K
  class space    used 1493K, committed 1600K, reserved 1048576K
}
Event: 14.291 GC heap before
{Heap before GC invocations=16 (full 0):
 garbage-first heap   total 790528K, used 564411K [0x0000000700000000, 0x0000000800000000)
  region size 2048K, 231 young (473088K), 14 survivors (28672K)
 Metaspace       used 15253K, committed 15424K, reserved 1114112K
  class space    used 1493K, committed 1600K, reserved 1048576K
}
Event: 14.548 GC heap after
{Heap after GC invocations=17 (full 0):
 garbage-first heap   total 790528K, used 148071K [0x0000000700000000, 0x0000000800000000)
  region size 2048K, 28 young (57344K), 28 survivors (57344K)
 Metaspace       used 15253K, committed 15424K, reserved 1114112K
  class space    used 1493K, committed 1600K, reserved 1048576K
}
Event: 14.831 GC heap before
{Heap before GC invocations=17 (full 0):
 garbage-first heap   total 790528K, used 563815K [0x0000000700000000, 0x0000000800000000)
  region size 2048K, 231 young (473088K), 28 survivors (57344K)
 Metaspace       used 15288K, committed 15552K, reserved 1114112K
  class space    used 1493K, committed 1600K, reserved 1048576K
}
Event: 15.192 GC heap after
{Heap after GC invocations=18 (full 0):
 garbage-first heap   total 790528K, used 173009K [0x0000000700000000, 0x0000000800000000)
  region size 2048K, 28 young (57344K), 28 survivors (57344K)
 Metaspace       used 15288K, committed 15552K, reserved 1114112K
  class space    used 1493K, committed 1600K, reserved 1048576K
}
Event: 15.242 GC heap before
{Heap before GC invocations=18 (full 0):
 garbage-first heap   total 790528K, used 269265K [0x0000000700000000, 0x0000000800000000)
  region size 2048K, 75 young (153600K), 28 survivors (57344K)
 Metaspace       used 15290K, committed 15552K, reserved 1114112K
  class space    used 1493K, committed 1600K, reserved 1048576K
}
Event: 15.310 GC heap after
{Heap after GC invocations=19 (full 0):
 garbage-first heap   total 790528K, used 181622K [0x0000000700000000, 0x0000000800000000)
  region size 2048K, 6 young (12288K), 6 survivors (12288K)
 Metaspace       used 15290K, committed 15552K, reserved 1114112K
  class space    used 1493K, committed 1600K, reserved 1048576K
}
Event: 15.759 GC heap before
{Heap before GC invocations=19 (full 0):
 garbage-first heap   total 790528K, used 626038K [0x0000000700000000, 0x0000000800000000)
  region size 2048K, 223 young (456704K), 6 survivors (12288K)
 Metaspace       used 15329K, committed 15552K, reserved 1114112K
  class space    used 1494K, committed 1600K, reserved 1048576K
}

Dll operation events (9 events):
Event: 0.008 Loaded shared library C:\Program Files\Java\jdk-19\bin\java.dll
Event: 0.017 Loaded shared library C:\Program Files\Java\jdk-19\bin\jsvml.dll
Event: 0.119 Loaded shared library C:\Program Files\Java\jdk-19\bin\jimage.dll
Event: 0.159 Loaded shared library C:\Program Files\Java\jdk-19\bin\awt.dll
Event: 0.256 Loaded shared library C:\Program Files\Java\jdk-19\bin\zip.dll
Event: 0.710 Loaded shared library C:\Program Files\Java\jdk-19\bin\freetype.dll
Event: 0.724 Loaded shared library C:\Program Files\Java\jdk-19\bin\fontmanager.dll
Event: 0.754 Loaded shared library C:\Program Files\Java\jdk-19\bin\net.dll
Event: 0.756 Loaded shared library C:\Program Files\Java\jdk-19\bin\nio.dll

Deoptimization events (20 events):
Event: 14.756 Thread 0x0000021f11b41240 DEOPT PACKING pc=0x0000021f71272c41 sp=0x000000bb31dfe0d0
Event: 14.756 Thread 0x0000021f11b41240 DEOPT UNPACKING pc=0x0000021f78087543 sp=0x000000bb31dfd610 mode 0
Event: 14.758 Thread 0x0000021f11b44760 DEOPT PACKING pc=0x0000021f71272c41 sp=0x000000bb31efe580
Event: 14.758 Thread 0x0000021f11b44760 DEOPT UNPACKING pc=0x0000021f78087543 sp=0x000000bb31efdac0 mode 0
Event: 14.825 Thread 0x0000021f11b44760 DEOPT PACKING pc=0x0000021f71153968 sp=0x000000bb31efe580
Event: 14.825 Thread 0x0000021f11b44760 DEOPT UNPACKING pc=0x0000021f78087543 sp=0x000000bb31efda08 mode 0
Event: 15.393 Thread 0x0000021f11b42780 DEOPT PACKING pc=0x0000021f7129c43b sp=0x000000bb319fe6c0
Event: 15.393 Thread 0x0000021f11b42780 DEOPT UNPACKING pc=0x0000021f78087543 sp=0x000000bb319fdb70 mode 0
Event: 15.481 Thread 0x0000021f104e3340 DEOPT PACKING pc=0x0000021f71022d5b sp=0x000000bb316fef00
Event: 15.482 Thread 0x0000021f104e3340 DEOPT UNPACKING pc=0x0000021f78087543 sp=0x000000bb316fe488 mode 0
Event: 15.502 Thread 0x0000021f11b41790 DEOPT PACKING pc=0x0000021f7129c43b sp=0x000000bb318fe930
Event: 15.502 Thread 0x0000021f11b41790 DEOPT UNPACKING pc=0x0000021f78087543 sp=0x000000bb318fdde0 mode 0
Event: 15.717 Thread 0x0000021f104e3340 DEOPT PACKING pc=0x0000021f71022d5b sp=0x000000bb316fef00
Event: 15.717 Thread 0x0000021f104e3340 DEOPT UNPACKING pc=0x0000021f78087543 sp=0x000000bb316fe488 mode 0
Event: 15.732 Thread 0x0000021f11b41790 Uncommon trap: trap_request=0xffffff45 fr.pc=0x0000021f7870ae4c relative=0x000000000000008c
Event: 15.732 Thread 0x0000021f11b41790 Uncommon trap: reason=unstable_if action=reinterpret pc=0x0000021f7870ae4c method=java.lang.Math.min(DD)D @ 17 c2
Event: 15.732 Thread 0x0000021f11b41790 DEOPT PACKING pc=0x0000021f7870ae4c sp=0x000000bb318fe9b0
Event: 15.732 Thread 0x0000021f11b41790 DEOPT UNPACKING pc=0x0000021f78086da3 sp=0x000000bb318fe950 mode 2
Event: 15.743 Thread 0x0000021f11b44760 DEOPT PACKING pc=0x0000021f7116e754 sp=0x000000bb31efdfc0
Event: 15.743 Thread 0x0000021f11b44760 DEOPT UNPACKING pc=0x0000021f78087543 sp=0x000000bb31efd4c8 mode 0

Classes loaded (20 events):
Event: 10.951 Loading class java/awt/Container$MouseEventTargetFilter
Event: 10.951 Loading class java/awt/Container$EventTargetFilter
Event: 10.951 Loading class java/awt/Container$EventTargetFilter done
Event: 10.951 Loading class java/awt/Container$MouseEventTargetFilter done
Event: 10.951 Loading class java/awt/LightweightDispatcher$1
Event: 10.951 Loading class java/awt/LightweightDispatcher$1 done
Event: 10.951 Loading class java/awt/event/AWTEventListenerProxy
Event: 10.951 Loading class java/awt/event/AWTEventListenerProxy done
Event: 10.951 Loading class java/awt/Toolkit$SelectiveAWTEventListener
Event: 10.951 Loading class java/awt/Toolkit$SelectiveAWTEventListener done
Event: 10.951 Loading class java/awt/Toolkit$ToolkitEventMulticaster
Event: 10.951 Loading class java/awt/Toolkit$ToolkitEventMulticaster done
Event: 10.964 Loading class java/lang/Math$RandomNumberGeneratorHolder
Event: 10.964 Loading class java/lang/Math$RandomNumberGeneratorHolder done
Event: 11.837 Loading class java/text/DecimalFormat$FastPathData
Event: 11.837 Loading class java/text/DecimalFormat$FastPathData done
Event: 11.837 Loading class java/text/DecimalFormat$DigitArrays
Event: 11.837 Loading class java/text/DecimalFormat$DigitArrays done
Event: 13.504 Loading class javax/swing/event/ListDataEvent
Event: 13.505 Loading class javax/swing/event/ListDataEvent done

Classes unloaded (0 events):
No events

Classes redefined (0 events):
No events

Internal exceptions (20 events):
Event: 15.204 Thread 0x0000021f0c0fe8c0 Implicit null exception at 0x0000021f70f4761b to 0x0000021f70f47722
Event: 15.204 Thread 0x0000021f0c0fe8c0 Exception <a 'java/lang/NullPointerException'{0x000000072fe03c58}> (0x000000072fe03c58) 
thrown [s\open\src\hotspot\share\runtime\sharedRuntime.cpp, line 630]
Event: 15.204 Thread 0x0000021f0c0fe8c0 Implicit null exception at 0x0000021f70f4761b to 0x0000021f70f47722
Event: 15.204 Thread 0x0000021f0c0fe8c0 Exception <a 'java/lang/NullPointerException'{0x000000072fe03f38}> (0x000000072fe03f38) 
thrown [s\open\src\hotspot\share\runtime\sharedRuntime.cpp, line 630]
Event: 15.204 Thread 0x0000021f0c0fe8c0 Implicit null exception at 0x0000021f70f4761b to 0x0000021f70f47722
Event: 15.204 Thread 0x0000021f0c0fe8c0 Exception <a 'java/lang/NullPointerException'{0x000000072fe04218}> (0x000000072fe04218) 
thrown [s\open\src\hotspot\share\runtime\sharedRuntime.cpp, line 630]
Event: 15.204 Thread 0x0000021f0c0fe8c0 Implicit null exception at 0x0000021f70f4761b to 0x0000021f70f47722
Event: 15.204 Thread 0x0000021f0c0fe8c0 Exception <a 'java/lang/NullPointerException'{0x000000072fe044f8}> (0x000000072fe044f8) 
thrown [s\open\src\hotspot\share\runtime\sharedRuntime.cpp, line 630]
Event: 15.204 Thread 0x0000021f0c0fe8c0 Implicit null exception at 0x0000021f70f4761b to 0x0000021f70f47722
Event: 15.204 Thread 0x0000021f0c0fe8c0 Exception <a 'java/lang/NullPointerException'{0x000000072fe047d8}> (0x000000072fe047d8) 
thrown [s\open\src\hotspot\share\runtime\sharedRuntime.cpp, line 630]
Event: 15.204 Thread 0x0000021f0c0fe8c0 Implicit null exception at 0x0000021f70f4761b to 0x0000021f70f47722
Event: 15.204 Thread 0x0000021f0c0fe8c0 Exception <a 'java/lang/NullPointerException'{0x000000072fe04ab8}> (0x000000072fe04ab8) 
thrown [s\open\src\hotspot\share\runtime\sharedRuntime.cpp, line 630]
Event: 15.204 Thread 0x0000021f0c0fe8c0 Implicit null exception at 0x0000021f70f4761b to 0x0000021f70f47722
Event: 15.204 Thread 0x0000021f0c0fe8c0 Exception <a 'java/lang/NullPointerException'{0x000000072fe04d98}> (0x000000072fe04d98) 
thrown [s\open\src\hotspot\share\runtime\sharedRuntime.cpp, line 630]
Event: 15.204 Thread 0x0000021f0c0fe8c0 Implicit null exception at 0x0000021f70f4761b to 0x0000021f70f47722
Event: 15.204 Thread 0x0000021f0c0fe8c0 Exception <a 'java/lang/NullPointerException'{0x000000072fe052e0}> (0x000000072fe052e0) 
thrown [s\open\src\hotspot\share\runtime\sharedRuntime.cpp, line 630]
Event: 15.352 Thread 0x0000021f0c0fe8c0 Implicit null exception at 0x0000021f70f4761b to 0x0000021f70f47722
Event: 15.352 Thread 0x0000021f0c0fe8c0 Exception <a 'java/lang/NullPointerException'{0x0000000727abc740}> (0x0000000727abc740) 
thrown [s\open\src\hotspot\share\runtime\sharedRuntime.cpp, line 630]
Event: 15.352 Thread 0x0000021f0c0fe8c0 Implicit null exception at 0x0000021f70f4761b to 0x0000021f70f47722
Event: 15.352 Thread 0x0000021f0c0fe8c0 Exception <a 'java/lang/NullPointerException'{0x0000000727abca20}> (0x0000000727abca20) 
thrown [s\open\src\hotspot\share\runtime\sharedRuntime.cpp, line 630]

VM Operations (20 events):
Event: 12.298 Executing VM operation: G1CollectForAllocation done
Event: 12.428 Executing VM operation: G1CollectForAllocation
Event: 12.439 Executing VM operation: G1CollectForAllocation done
Event: 12.537 Executing VM operation: G1CollectForAllocation
Event: 12.551 Executing VM operation: G1CollectForAllocation done
Event: 12.909 Executing VM operation: G1CollectForAllocation
Event: 12.928 Executing VM operation: G1CollectForAllocation done
Event: 13.107 Executing VM operation: G1CollectForAllocation
Event: 13.128 Executing VM operation: G1CollectForAllocation done
Event: 13.311 Executing VM operation: G1CollectForAllocation
Event: 13.330 Executing VM operation: G1CollectForAllocation done
Event: 13.508 Executing VM operation: G1CollectForAllocation
Event: 13.532 Executing VM operation: G1CollectForAllocation done
Event: 14.290 Executing VM operation: G1CollectForAllocation
Event: 14.550 Executing VM operation: G1CollectForAllocation done
Event: 14.826 Executing VM operation: G1CollectForAllocation
Event: 15.201 Executing VM operation: G1CollectForAllocation done
Event: 15.241 Executing VM operation: G1CollectForAllocation
Event: 15.312 Executing VM operation: G1CollectForAllocation done
Event: 15.750 Executing VM operation: G1CollectForAllocation

Events (20 events):
Event: 8.364 Thread 0x0000021f10ff2cf0 Thread added: 0x0000021f10ff2cf0
Event: 8.399 Thread 0x0000021f104e3de0 Thread added: 0x0000021f104e3de0
Event: 8.409 Thread 0x0000021f104e4880 Thread added: 0x0000021f104e4880
Event: 10.727 Thread 0x0000021f10ff2cf0 Thread exited: 0x0000021f10ff2cf0
Event: 10.761 Thread 0x0000021f11faa790 Thread added: 0x0000021f11faa790
Event: 10.802 Thread 0x0000021f68b90df0 Thread exited: 0x0000021f68b90df0
Event: 10.802 Thread 0x0000021f104e4dd0 Thread added: 0x0000021f104e4dd0
Event: 10.872 Thread 0x0000021f104e3340 Thread added: 0x0000021f104e3340
Event: 10.899 Thread 0x0000021f104e5320 Thread added: 0x0000021f104e5320
Event: 13.504 Thread 0x0000021f11b41790 Thread added: 0x0000021f11b41790
Event: 13.505 Thread 0x0000021f11b42780 Thread added: 0x0000021f11b42780
Event: 13.506 Thread 0x0000021f11b44210 Thread added: 0x0000021f11b44210
Event: 13.506 Thread 0x0000021f11faa790 Thread exited: 0x0000021f11faa790
Event: 13.507 Thread 0x0000021f11b3f260 Thread added: 0x0000021f11b3f260
Event: 13.507 Thread 0x0000021f11b3fd00 Thread added: 0x0000021f11b3fd00
Event: 13.508 Thread 0x0000021f11b43220 Thread added: 0x0000021f11b43220
Event: 13.508 Thread 0x0000021f11b41240 Thread added: 0x0000021f11b41240
Event: 13.630 Thread 0x0000021f11b44760 Thread added: 0x0000021f11b44760
Event: 13.631 Thread 0x0000021f11b40250 Thread added: 0x0000021f11b40250
Event: 13.632 Thread 0x0000021f11b407a0 Thread added: 0x0000021f11b407a0


Dynamic libraries:
0x00007ff6f6c40000 - 0x00007ff6f6c50000 	C:\Program Files\Java\jdk-19\bin\java.exe
0x00007ff8c90b0000 - 0x00007ff8c92c4000 	C:\WINDOWS\SYSTEM32\ntdll.dll
0x00007ff8bc5d0000 - 0x00007ff8bc5e7000 	C:\Program Files\AVG\Antivirus\aswhook.dll
0x00007ff8c7c10000 - 0x00007ff8c7cd3000 	C:\WINDOWS\System32\KERNEL32.DLL
0x00007ff8c6590000 - 0x00007ff8c692d000 	C:\WINDOWS\System32\KERNELBASE.dll
0x00007ff8c6930000 - 0x00007ff8c6a41000 	C:\WINDOWS\System32\ucrtbase.dll
0x00007ff8a99e0000 - 0x00007ff8a99fb000 	C:\Program Files\Java\jdk-19\bin\VCRUNTIME140.dll
0x00007ff8aaff0000 - 0x00007ff8ab008000 	C:\Program Files\Java\jdk-19\bin\jli.dll
0x00007ff8c7b50000 - 0x00007ff8c7bfe000 	C:\WINDOWS\System32\ADVAPI32.dll
0x00007ff8c6ea0000 - 0x00007ff8c6f47000 	C:\WINDOWS\System32\msvcrt.dll
0x00007ff8c8f00000 - 0x00007ff8c8fa4000 	C:\WINDOWS\System32\sechost.dll
0x00007ff8c78d0000 - 0x00007ff8c79e5000 	C:\WINDOWS\System32\RPCRT4.dll
0x00007ff8c7e30000 - 0x00007ff8c7fdd000 	C:\WINDOWS\System32\USER32.dll
0x00007ff8c6af0000 - 0x00007ff8c6b16000 	C:\WINDOWS\System32\win32u.dll
0x00007ff8960b0000 - 0x00007ff89633e000 	C:\WINDOWS\WinSxS\amd64_microsoft.windows.common-controls_6595b64144ccf1df_6.0.22621.608_none_a9444ca7c10bb01d\COMCTL32.dll
0x00007ff8c89c0000 - 0x00007ff8c89e9000 	C:\WINDOWS\System32\GDI32.dll
0x00007ff8c6b20000 - 0x00007ff8c6c32000 	C:\WINDOWS\System32\gdi32full.dll
0x00007ff8c6a50000 - 0x00007ff8c6aea000 	C:\WINDOWS\System32\msvcp_win.dll
0x00007ff8bf620000 - 0x00007ff8bf62a000 	C:\WINDOWS\SYSTEM32\VERSION.dll
0x00007ff8c7a00000 - 0x00007ff8c7a32000 	C:\WINDOWS\System32\IMM32.DLL
0x00007ff8bce50000 - 0x00007ff8bce5c000 	C:\Program Files\Java\jdk-19\bin\vcruntime140_1.dll
0x00007ff884d10000 - 0x00007ff884d9e000 	C:\Program Files\Java\jdk-19\bin\msvcp140.dll
0x00007ff8704c0000 - 0x00007ff871180000 	C:\Program Files\Java\jdk-19\bin\server\jvm.dll
0x00007ff8be0b0000 - 0x00007ff8be0b9000 	C:\WINDOWS\SYSTEM32\WSOCK32.dll
0x00007ff8bed90000 - 0x00007ff8bedc4000 	C:\WINDOWS\SYSTEM32\WINMM.dll
0x00007ff8c89f0000 - 0x00007ff8c8a61000 	C:\WINDOWS\System32\WS2_32.dll
0x00007ff8c5520000 - 0x00007ff8c5538000 	C:\WINDOWS\SYSTEM32\kernel.appcore.dll
0x00007ff8bc4a0000 - 0x00007ff8bc4aa000 	C:\Program Files\Java\jdk-19\bin\jimage.dll
0x00007ff8bc8b0000 - 0x00007ff8bcade000 	C:\WINDOWS\SYSTEM32\DBGHELP.DLL
0x00007ff8c8a70000 - 0x00007ff8c8dfa000 	C:\WINDOWS\System32\combase.dll
0x00007ff8c6f50000 - 0x00007ff8c7027000 	C:\WINDOWS\System32\OLEAUT32.dll
0x00007ff8bc720000 - 0x00007ff8bc752000 	C:\WINDOWS\SYSTEM32\dbgcore.DLL
0x00007ff8c6e20000 - 0x00007ff8c6e9b000 	C:\WINDOWS\System32\bcryptPrimitives.dll
0x00007ff8a98c0000 - 0x00007ff8a98e6000 	C:\Program Files\Java\jdk-19\bin\java.dll
0x00007ff87f140000 - 0x00007ff87f217000 	C:\Program Files\Java\jdk-19\bin\jsvml.dll
0x00007ff8c8100000 - 0x00007ff8c88ef000 	C:\WINDOWS\System32\SHELL32.dll
0x00007ff8c44f0000 - 0x00007ff8c4db8000 	C:\WINDOWS\SYSTEM32\windows.storage.dll
0x00007ff8c43b0000 - 0x00007ff8c44ee000 	C:\WINDOWS\SYSTEM32\wintypes.dll
0x00007ff8c8e00000 - 0x00007ff8c8ef1000 	C:\WINDOWS\System32\SHCORE.dll
0x00007ff8c88f0000 - 0x00007ff8c894e000 	C:\WINDOWS\System32\shlwapi.dll
0x00007ff8c6400000 - 0x00007ff8c6421000 	C:\WINDOWS\SYSTEM32\profapi.dll
0x00007ff87c330000 - 0x00007ff87c4c1000 	C:\Program Files\Java\jdk-19\bin\awt.dll
0x00007ff8c3920000 - 0x00007ff8c39b7000 	C:\WINDOWS\SYSTEM32\apphelp.dll
0x00007ff8a92b0000 - 0x00007ff8a92c8000 	C:\Program Files\Java\jdk-19\bin\zip.dll
0x00007ff8c3d50000 - 0x00007ff8c3d7b000 	C:\WINDOWS\system32\DWMAPI.DLL
0x00007ff8c3b00000 - 0x00007ff8c3bab000 	C:\WINDOWS\system32\uxtheme.dll
0x00007ff89d6a0000 - 0x00007ff89d7a0000 	C:\WINDOWS\system32\opengl32.dll
0x00007ff8a6d10000 - 0x00007ff8a6d3d000 	C:\WINDOWS\SYSTEM32\GLU32.dll
0x00007ff8c3c00000 - 0x00007ff8c3c36000 	C:\WINDOWS\SYSTEM32\dxcore.dll
0x00007ff8c7fe0000 - 0x00007ff8c80fe000 	C:\WINDOWS\System32\MSCTF.dll
0x00007ff8c76e0000 - 0x00007ff8c787c000 	C:\WINDOWS\System32\ole32.dll
0x00007ff883090000 - 0x00007ff883116000 	C:\Program Files\Java\jdk-19\bin\freetype.dll
0x00007ff87c260000 - 0x00007ff87c325000 	C:\Program Files\Java\jdk-19\bin\fontmanager.dll
0x00007ff8a92f0000 - 0x00007ff8a9303000 	C:\Program Files\Java\jdk-19\bin\net.dll
0x00007ff8c02d0000 - 0x00007ff8c03ff000 	C:\WINDOWS\SYSTEM32\WINHTTP.dll
0x00007ff8c5990000 - 0x00007ff8c59f9000 	C:\WINDOWS\system32\mswsock.dll
0x00007ff8a92d0000 - 0x00007ff8a92e6000 	C:\Program Files\Java\jdk-19\bin\nio.dll
0x00007ff8c8fb0000 - 0x00007ff8c9067000 	C:\WINDOWS\System32\clbcatq.dll
0x00007ff8c2270000 - 0x00007ff8c2420000 	C:\WINDOWS\SYSTEM32\WindowsCodecs.dll
0x00007ff892060000 - 0x00007ff8920be000 	C:\WINDOWS\system32\dataexchange.dll
0x00007ff8bd9a0000 - 0x00007ff8bdc0a000 	C:\WINDOWS\system32\twinapi.appcore.dll
0x00007ff8ab6d0000 - 0x00007ff8ab7fd000 	C:\WINDOWS\SYSTEM32\textinputframework.dll
0x00007ff892130000 - 0x00007ff892199000 	C:\WINDOWS\system32\Oleacc.dll
0x00007ff8c3530000 - 0x00007ff8c3663000 	C:\WINDOWS\SYSTEM32\CoreMessaging.dll
0x00007ff8bf630000 - 0x00007ff8bf99c000 	C:\WINDOWS\SYSTEM32\CoreUIComponents.dll
0x00007ff8c5d10000 - 0x00007ff8c5d1c000 	C:\WINDOWS\SYSTEM32\CRYPTBASE.DLL

dbghelp: loaded successfully - version: 4.0.5 - missing functions: none
symbol engine: initialized successfully - sym options: 0x614 - pdb path: .;C:\Program Files\Java\jdk-19\bin;C:\WINDOWS\SYSTEM32;C:\Program Files\AVG\Antivirus;C:\WINDOWS\WinSxS\amd64_microsoft.windows.common-controls_6595b64144ccf1df_6.0.22621.608_none_a9444ca7c10bb01d;C:\Program Files\Java\jdk-19\bin\server

VM Arguments:
jvm_args: -ea -Xmx4g 
java_command: trade.StarTrader run5
java_class_path (initial): C:\Users\aljst\Netbeans1Folder\OGST2\target\classes
Launcher Type: SUN_STANDARD

[Global flags]
     intx CICompilerCount                          = 4                                         {product} {ergonomic}
     uint ConcGCThreads                            = 2                                         {product} {ergonomic}
     uint G1ConcRefinementThreads                  = 8                                         {product} {ergonomic}
   size_t G1HeapRegionSize                         = 2097152                                   {product} {ergonomic}
    uintx GCDrainStackTargetSize                   = 64                                        {product} {ergonomic}
   size_t InitialHeapSize                          = 134217728                                 {product} {ergonomic}
   size_t MarkStackSize                            = 4194304                                   {product} {ergonomic}
   size_t MaxHeapSize                              = 4294967296                                {product} {command line}
   size_t MaxNewSize                               = 2575302656                                {product} {ergonomic}
   size_t MinHeapDeltaBytes                        = 2097152                                   {product} {ergonomic}
   size_t MinHeapSize                              = 8388608                                   {product} {ergonomic}
    uintx NonNMethodCodeHeapSize                   = 5839372                                {pd product} {ergonomic}
    uintx NonProfiledCodeHeapSize                  = 122909434                              {pd product} {ergonomic}
    uintx ProfiledCodeHeapSize                     = 122909434                              {pd product} {ergonomic}
    uintx ReservedCodeCacheSize                    = 251658240                              {pd product} {ergonomic}
     bool SegmentedCodeCache                       = true                                      {product} {ergonomic}
   size_t SoftMaxHeapSize                          = 4294967296                             {manageable} {ergonomic}
     bool UseCompressedClassPointers               = true                           {product lp64_product} {ergonomic}
     bool UseCompressedOops                        = true                           {product lp64_product} {ergonomic}
     bool UseG1GC                                  = true                                      {product} {ergonomic}
     bool UseLargePagesIndividualAllocation        = false                                  {pd product} {ergonomic}

Logging:
Log output configuration:
 #0: stdout all=warning uptime,level,tags foldmultilines=false
 #1: stderr all=off uptime,level,tags foldmultilines=false

Environment Variables:
JAVA_HOME=C:\Program Files\Java\jdk-19
PATH=C:\Program Files\Common Files\Oracle\Java\javapath;C:\Program Files (x86)\Common Files\Oracle\Java\javapath;C:\Windows\System32;C:\Windows;C:\Windows\System32\wbem;C:\Windows\System32\WindowsPowerShell\v1.0\;C:\Program Files\Java\jdk-14\bin;C:\Windows\System32\OpenSSH\;C:\Program Files (x86)\Intel\Intel(R) Management Engine Components\DAL;C:\Program Files\Intel\Intel(R) Management Engine Components\DAL;C:\Program Files\dotnet\;C:\Program Files\Git\cmd;C:\Program Files (x86)\GnuPG\bin;C:\Users\aljst\AppData\Local\Microsoft\WindowsApps;
USERNAME=aljst
OS=Windows_NT
PROCESSOR_IDENTIFIER=Intel64 Family 6 Model 142 Stepping 12, GenuineIntel
TMP=C:\Users\aljst\AppData\Local\Temp
TEMP=C:\Users\aljst\AppData\Local\Temp



---------------  S Y S T E M  ---------------

OS:
 Windows 11 , 64 bit Build 22621 (10.0.22621.1105)
OS uptime: 3 days 10:15 hours

CPU: total 8 (initial active 8) (4 cores per cpu, 2 threads per core) family 6 model 142 stepping 12 microcode 0xf0, cx8, cmov, fxsr, ht, mmx, 3dnowpref, sse, sse2, sse3, ssse3, sse4.1, sse4.2, popcnt, lzcnt, tsc, tscinvbit, avx, avx2, aes, erms, clmul, bmi1, bmi2, adx, fma, vzeroupper, clflush, clflushopt, rdtscp

Memory: 4k page, system-wide physical 8067M (200M free)
TotalPageFile size 32342M (AvailPageFile size 891M)
current process WorkingSet (physical memory assigned to process): 593M, peak: 593M
current process commit charge ("private bytes"): 933M, peak: 2263M

vm_info: Java HotSpot(TM) 64-Bit Server VM (19.0.1+10-21) for windows-amd64 JRE (19.0.1+10-21), built on 2022-09-14T12:45:06Z by "mach5one" with MS VC++ 17.1 (VS2022)

END.
